[+] Containers:
 |- [+] Container: /Game/ThirdPerson/Maps/ThirdPersonMap
 |   |- [+] ActorDescs:
 |   |   |- Guid:00E4BECC497A7EA910DA5C9C8CFD920D BaseClass: NativeClass:/Script/Engine.StaticMeshActor Name:StaticMeshActor_UAID_74563C667264D86802_1202011371 Label:SM_Cube47 SpatiallyLoaded:1 Bounds:IsValid=true, Min=(X=5114.000 Y=1761.000 Z=980.000), Max=(X=5214.000 Y=1861.000 Z=1080.000) RuntimeGrid:None EditorOnly:0 RuntimeOnly:0 HLODRelevant:1 ListedInSceneOutliner:1 IsMainWorldOnly:0
 |   |   |- Guid:0528C3814EA67A3E2BC094BD9D0D42D8 BaseClass: NativeClass:/Script/Engine.StaticMeshActor Name:StaticMeshActor_UAID_74563C667264D86802_1202012372 Label:SM_Cube48 SpatiallyLoaded:1 Bounds:IsValid=true, Min=(X=5014.000 Y=1861.000 Z=980.000), Max=(X=5114.000 Y=1961.000 Z=1080.000) RuntimeGrid:None EditorOnly:0 RuntimeOnly:0 HLODRelevant:1 ListedInSceneOutliner:1 IsMainWorldOnly:0
 |   |   |- Guid:127AEC7A4F0C4499A9921DB7D376251A BaseClass: NativeClass:/Script/Engine.StaticMeshActor Name:StaticMeshActor_UAID_74563C667264D36802_1351613466 Label:SM_Cube24 SpatiallyLoaded:1 Bounds:IsValid=true, Min=(X=3250.000 Y=1730.000 Z=980.000), Max=(X=3350.000 Y=1830.000 Z=1080.000) RuntimeGrid:None EditorOnly:0 RuntimeOnly:0 HLODRelevant:1 ListedInSceneOutliner:1 IsMainWorldOnly:0
 |   |   |- Guid:17A9FBC047FF949211640FB193B81F2B BaseClass: NativeClass:/Script/Engine.StaticMeshActor Name:StaticMeshActor_UAID_74563C667264D46802_1519508656 Label:SM_Cube37 SpatiallyLoaded:1 Bounds:IsValid=true, Min=(X=3450.000 Y=3180.000 Z=980.000), Max=(X=3550.000 Y=3280.000 Z=1080.000) RuntimeGrid:None EditorOnly:0 RuntimeOnly:0 HLODRelevant:1 ListedInSceneOutliner:1 IsMainWorldOnly:0
 |   |   |- Guid:18067BEE4A8EF7250B4A12A5E409ACC9 BaseClass: NativeClass:/Script/Engine.StaticMeshActor Name:StaticMeshActor_UAID_74563C667264D46802_1519507655 Label:SM_Cube36 SpatiallyLoaded:1 Bounds:IsValid=true, Min=(X=3450.000 Y=3080.000 Z=980.000), Max=(X=3550.000 Y=3180.000 Z=1080.000) RuntimeGrid:None EditorOnly:0 RuntimeOnly:0 HLODRelevant:1 ListedInSceneOutliner:1 IsMainWorldOnly:0
 |   |   |- Guid:1D5EE4EF4B07FBB6660DB3ACA6D5478B BaseClass: NativeClass:/Script/Engine.StaticMeshActor Name:StaticMeshActor_UAID_74563C667264396802_2070666356 Label:SM_Cube6 SpatiallyLoaded:1 Bounds:IsValid=true, Min=(X=3350.000 Y=3280.000 Z=980.000), Max=(X=3450.000 Y=3380.000 Z=1080.000) RuntimeGrid:None EditorOnly:0 RuntimeOnly:0 HLODRelevant:1 ListedInSceneOutliner:1 IsMainWorldOnly:0
 |   |   |- Guid:2100687F489F7366199FEA8085B2744F BaseClass: NativeClass:/Script/Engine.StaticMeshActor Name:StaticMeshActor_UAID_74563C667264D36802_1351617470 Label:SM_Cube28 SpatiallyLoaded:1 Bounds:IsValid=true, Min=(X=3250.000 Y=1830.000 Z=980.000), Max=(X=3350.000 Y=1930.000 Z=1080.000) RuntimeGrid:None EditorOnly:0 RuntimeOnly:0 HLODRelevant:1 ListedInSceneOutliner:1 IsMainWorldOnly:0
 |   |   |- Guid:2FB58999456391D349DC0F86DAC136ED BaseClass: NativeClass:/Script/Engine.SkyLight Name:SkyLight_1 Label:SkyLight SpatiallyLoaded:0 Bounds:IsValid=true, Min=(X=0.000 Y=0.000 Z=690.000), Max=(X=0.000 Y=0.000 Z=690.000) RuntimeGrid:None EditorOnly:0 RuntimeOnly:0 HLODRelevant:0 ListedInSceneOutliner:1 IsMainWorldOnly:0 FolderPath:Lighting FolderGuid:963EC3EB4002CCE9759E2EBA541A873A
 |   |   |- Guid:316CF2A6494ACA4C0E4180A87D36AB8F BaseClass: NativeClass:/Script/Engine.ExponentialHeightFog Name:ExponentialHeightFog_0 Label:ExponentialHeightFog SpatiallyLoaded:0 Bounds:IsValid=true, Min=(X=-5600.000 Y=-50.000 Z=-6850.000), Max=(X=-5600.000 Y=-50.000 Z=-6850.000) RuntimeGrid:None EditorOnly:0 RuntimeOnly:0 HLODRelevant:0 ListedInSceneOutliner:1 IsMainWorldOnly:0 FolderPath:Lighting FolderGuid:963EC3EB4002CCE9759E2EBA541A873A
 |   |   |- Guid:34EE35E24334B5CF928111875D7B27E1 BaseClass: NativeClass:/Script/Engine.StaticMeshActor Name:StaticMeshActor_UAID_74563C667264396802_1986983352 Label:SM_Cube2 SpatiallyLoaded:1 Bounds:IsValid=true, Min=(X=3350.000 Y=3080.000 Z=980.000), Max=(X=3450.000 Y=3180.000 Z=1080.000) RuntimeGrid:None EditorOnly:0 RuntimeOnly:0 HLODRelevant:1 ListedInSceneOutliner:1 IsMainWorldOnly:0
 |   |   |- Guid:36B15D5949074580EB089D9DC40EEB0C BaseClass: NativeClass:/Script/Engine.StaticMeshActor Name:StaticMeshActor_UAID_74563C667264DA6802_1078743728 Label:SM_Cube50 SpatiallyLoaded:1 Bounds:IsValid=true, Min=(X=4547.045 Y=4308.683 Z=932.000), Max=(X=4687.928 Y=4449.566 Z=1032.000) RuntimeGrid:None EditorOnly:0 RuntimeOnly:0 HLODRelevant:1 ListedInSceneOutliner:1 IsMainWorldOnly:0
 |   |   |- Guid:3A00AA1C422CE54C0BDB60BAF471BFBB BaseClass: NativeClass:/Script/Engine.PlayerStart Name:PlayerStart_0 Label:PlayerStart SpatiallyLoaded:0 Bounds:IsValid=true, Min=(X=3080.000 Y=2760.000 Z=910.063), Max=(X=3160.000 Y=2840.000 Z=1094.063) RuntimeGrid:None EditorOnly:0 RuntimeOnly:0 HLODRelevant:0 ListedInSceneOutliner:1 IsMainWorldOnly:0
 |   |   |- Guid:3B2466424B46FFFC2318CB8BB088DBCC BaseClass:/Game/WMTOY_Contents/Obstacles/SpinningStick/BP_SpinningStick.BP_SpinningStick_C NativeClass:/Script/Engine.Actor Name:BP_SpinningStick_C_UAID_74563C667264B86A02_1647390815 Label:BP_SpinningStick SpatiallyLoaded:1 Bounds:IsValid=true, Min=(X=2931.000 Y=2327.200 Z=1092.200), Max=(X=3699.000 Y=2352.800 Z=1117.800) RuntimeGrid:None EditorOnly:0 RuntimeOnly:0 HLODRelevant:0 ListedInSceneOutliner:1 IsMainWorldOnly:0
 |   |   |- Guid:3DDB114041D61503EBDA3A9BAE5D47C0 BaseClass: NativeClass:/Script/Engine.StaticMeshActor Name:StaticMeshActor_UAID_74563C667264D46802_1519505654 Label:SM_Cube35 SpatiallyLoaded:1 Bounds:IsValid=true, Min=(X=3450.000 Y=3380.000 Z=980.000), Max=(X=3550.000 Y=3480.000 Z=1080.000) RuntimeGrid:None EditorOnly:0 RuntimeOnly:0 HLODRelevant:1 ListedInSceneOutliner:1 IsMainWorldOnly:0
 |   |   |- Guid:4043BC2B45A547303CE5D79E9D49442C BaseClass: NativeClass:/Script/Engine.StaticMeshActor Name:StaticMeshActor_UAID_74563C667264D36802_1351610464 Label:SM_Cube22 SpatiallyLoaded:1 Bounds:IsValid=true, Min=(X=3250.000 Y=2030.000 Z=980.000), Max=(X=3350.000 Y=2130.000 Z=1080.000) RuntimeGrid:None EditorOnly:0 RuntimeOnly:0 HLODRelevant:1 ListedInSceneOutliner:1 IsMainWorldOnly:0
 |   |   |- Guid:44FF15854D3DC30EA4B71E9BF5F19C25 BaseClass: NativeClass:/Script/Engine.StaticMeshActor Name:StaticMeshActor_UAID_74563C667264396802_2074162358 Label:SM_Cube8 SpatiallyLoaded:1 Bounds:IsValid=true, Min=(X=3350.000 Y=3380.000 Z=980.000), Max=(X=3450.000 Y=3480.000 Z=1080.000) RuntimeGrid:None EditorOnly:0 RuntimeOnly:0 HLODRelevant:1 ListedInSceneOutliner:1 IsMainWorldOnly:0
 |   |   |- Guid:4D3BE93F4146AAAC8BBE79999D96D57F BaseClass: NativeClass:/Script/Engine.VolumetricCloud Name:VolumetricCloud_0 Label:VolumetricCloud SpatiallyLoaded:0 Bounds:IsValid=true, Min=(X=0.000 Y=0.000 Z=820.000), Max=(X=0.000 Y=0.000 Z=820.000) RuntimeGrid:None EditorOnly:0 RuntimeOnly:0 HLODRelevant:0 ListedInSceneOutliner:1 IsMainWorldOnly:0 FolderPath:Lighting FolderGuid:963EC3EB4002CCE9759E2EBA541A873A
 |   |   |- Guid:4F0E766D4C7B7557084128BD818BB0E6 BaseClass: NativeClass:/Script/Engine.StaticMeshActor Name:StaticMeshActor_UAID_74563C667264DA6802_1078746730 Label:SM_Cube52 SpatiallyLoaded:1 Bounds:IsValid=true, Min=(X=4417.721 Y=4156.117 Z=932.000), Max=(X=4558.604 Y=4297.000 Z=1032.000) RuntimeGrid:None EditorOnly:0 RuntimeOnly:0 HLODRelevant:1 ListedInSceneOutliner:1 IsMainWorldOnly:0
 |   |   |- Guid:5BD6B4F548DE1B1641939C861B717C7F BaseClass: NativeClass:/Script/Engine.StaticMeshActor Name:StaticMeshActor_UAID_74563C667264176602_1300672266 Label:SM_Cylinder3 SpatiallyLoaded:1 Bounds:IsValid=true, Min=(X=3510.000 Y=2510.000 Z=0.063), Max=(X=3610.000 Y=2610.000 Z=918.813) RuntimeGrid:None EditorOnly:0 RuntimeOnly:0 HLODRelevant:1 ListedInSceneOutliner:1 IsMainWorldOnly:0
 |   |   |- Guid:618D770A41C075A8D347688A4E4C4FC4 BaseClass: NativeClass:/Script/Engine.StaticMeshActor Name:StaticMeshActor_UAID_74563C667264D46802_1523860659 Label:SM_Cube40 SpatiallyLoaded:1 Bounds:IsValid=true, Min=(X=3550.000 Y=3080.000 Z=980.000), Max=(X=3650.000 Y=3180.000 Z=1080.000) RuntimeGrid:None EditorOnly:0 RuntimeOnly:0 HLODRelevant:1 ListedInSceneOutliner:1 IsMainWorldOnly:0
 |   |   |- Guid:631AA1BB4078F2DA97DE67A9F3BD9E2D BaseClass: NativeClass:/Script/Engine.StaticMeshActor Name:StaticMeshActor_UAID_74563C667264D46802_1523861660 Label:SM_Cube41 SpatiallyLoaded:1 Bounds:IsValid=true, Min=(X=3550.000 Y=3180.000 Z=980.000), Max=(X=3650.000 Y=3280.000 Z=1080.000) RuntimeGrid:None EditorOnly:0 RuntimeOnly:0 HLODRelevant:1 ListedInSceneOutliner:1 IsMainWorldOnly:0
 |   |   |- Guid:660700A74268B509F8633797849C1190 BaseClass: NativeClass:/Script/Engine.StaticMeshActor Name:StaticMeshActor_UAID_74563C667264D36802_1340610463 Label:SM_Cube21 SpatiallyLoaded:1 Bounds:IsValid=true, Min=(X=3350.000 Y=2230.000 Z=980.000), Max=(X=3450.000 Y=2330.000 Z=1080.000) RuntimeGrid:None EditorOnly:0 RuntimeOnly:0 HLODRelevant:1 ListedInSceneOutliner:1 IsMainWorldOnly:0
 |   |   |- Guid:6BAF4DDD444C60371492D3919DB42C97 BaseClass: NativeClass:/Script/Engine.WorldDataLayers Name:WorldDataLayers Label:WorldDataLayers SpatiallyLoaded:0 Bounds:IsValid=true, Min=(X=0.000 Y=0.000 Z=0.000), Max=(X=0.000 Y=0.000 Z=0.000) RuntimeGrid:None EditorOnly:0 RuntimeOnly:0 HLODRelevant:0 ListedInSceneOutliner:1 IsMainWorldOnly:1
 |   |   |- Guid:6EA2C805450D458ABC98FCB058626035 BaseClass: NativeClass:/Script/Engine.StaticMeshActor Name:StaticMeshActor_UAID_74563C667264D36802_1411486476 Label:SM_Cube33 SpatiallyLoaded:1 Bounds:IsValid=true, Min=(X=3350.000 Y=-40.000 Z=980.000), Max=(X=3450.000 Y=60.000 Z=1080.000) RuntimeGrid:None EditorOnly:0 RuntimeOnly:0 HLODRelevant:1 ListedInSceneOutliner:1 IsMainWorldOnly:0
 |   |   |- Guid:705769AF4D5CECD7E38BF4907715934C BaseClass: NativeClass:/Script/Engine.StaticMeshActor Name:StaticMeshActor_UAID_74563C667264176602_1300675267 Label:SM_Cylinder4 SpatiallyLoaded:1 Bounds:IsValid=true, Min=(X=3510.000 Y=2970.000 Z=0.063), Max=(X=3610.000 Y=3070.000 Z=918.813) RuntimeGrid:None EditorOnly:0 RuntimeOnly:0 HLODRelevant:1 ListedInSceneOutliner:1 IsMainWorldOnly:0
 |   |   |- Guid:70B191EB47032FD1110E1AACD99936D2 BaseClass: NativeClass:/Script/Engine.StaticMeshActor Name:StaticMeshActor_UAID_74563C667264DA6802_1078745729 Label:SM_Cube51 SpatiallyLoaded:1 Bounds:IsValid=true, Min=(X=4611.324 Y=4385.287 Z=932.000), Max=(X=4752.207 Y=4526.171 Z=1032.000) RuntimeGrid:None EditorOnly:0 RuntimeOnly:0 HLODRelevant:1 ListedInSceneOutliner:1 IsMainWorldOnly:0
 |   |   |- Guid:71CA6825433E7FE4B948E381322B3B95 BaseClass: NativeClass:/Script/Engine.StaticMeshActor Name:StaticMeshActor_UAID_74563C667264D36802_1351618471 Label:SM_Cube29 SpatiallyLoaded:1 Bounds:IsValid=true, Min=(X=3350.000 Y=1830.000 Z=980.000), Max=(X=3450.000 Y=1930.000 Z=1080.000) RuntimeGrid:None EditorOnly:0 RuntimeOnly:0 HLODRelevant:1 ListedInSceneOutliner:1 IsMainWorldOnly:0
 |   |   |- Guid:7293C8164F06C5E336FE27AA04674D5B BaseClass: NativeClass:/Script/Engine.StaticMeshActor Name:StaticMeshActor_UAID_74563C667264D46802_1528451662 Label:SM_Cube43 SpatiallyLoaded:1 Bounds:IsValid=true, Min=(X=3651.000 Y=3380.000 Z=980.000), Max=(X=3751.000 Y=3480.000 Z=1080.000) RuntimeGrid:None EditorOnly:0 RuntimeOnly:0 HLODRelevant:1 ListedInSceneOutliner:1 IsMainWorldOnly:0
 |   |   |- Guid:72E47663442C55B13E4B648EF93F7326 BaseClass: NativeClass:/Script/Engine.StaticMeshActor Name:StaticMeshActor_UAID_74563C667264D36802_1351614467 Label:SM_Cube25 SpatiallyLoaded:1 Bounds:IsValid=true, Min=(X=3350.000 Y=1930.000 Z=980.000), Max=(X=3450.000 Y=2030.000 Z=1080.000) RuntimeGrid:None EditorOnly:0 RuntimeOnly:0 HLODRelevant:1 ListedInSceneOutliner:1 IsMainWorldOnly:0
 |   |   |- Guid:76301D7D4392FF3BFD7A758179E178B7 BaseClass: NativeClass:/Script/Engine.StaticMeshActor Name:StaticMeshActor_UAID_74563C667264396802_2058249353 Label:SM_Cube3 SpatiallyLoaded:1 Bounds:IsValid=true, Min=(X=3250.000 Y=3080.000 Z=980.000), Max=(X=3350.000 Y=3180.000 Z=1080.000) RuntimeGrid:None EditorOnly:0 RuntimeOnly:0 HLODRelevant:1 ListedInSceneOutliner:1 IsMainWorldOnly:0
 |   |   |- Guid:7639D9B949F4A1C18A0B709F1216A1A3 BaseClass: NativeClass:/Script/Engine.StaticMeshActor Name:StaticMeshActor_UAID_74563C667264D46802_1528449661 Label:SM_Cube42 SpatiallyLoaded:1 Bounds:IsValid=true, Min=(X=3651.000 Y=3280.000 Z=980.000), Max=(X=3751.000 Y=3380.000 Z=1080.000) RuntimeGrid:None EditorOnly:0 RuntimeOnly:0 HLODRelevant:1 ListedInSceneOutliner:1 IsMainWorldOnly:0
 |   |   |- Guid:7B8092E74C6AB51355173DBDADD53CA3 BaseClass: NativeClass:/Script/Engine.StaticMeshActor Name:StaticMeshActor_UAID_74563C667264D36802_1340609462 Label:SM_Cube20 SpatiallyLoaded:1 Bounds:IsValid=true, Min=(X=3250.000 Y=2230.000 Z=980.000), Max=(X=3350.000 Y=2330.000 Z=1080.000) RuntimeGrid:None EditorOnly:0 RuntimeOnly:0 HLODRelevant:1 ListedInSceneOutliner:1 IsMainWorldOnly:0
 |   |   |- Guid:7F48B6C24866FECBBCED52AE5C10297B BaseClass: NativeClass:/Script/Engine.StaticMeshActor Name:StaticMeshActor_UAID_74563C667264176602_1287688265 Label:SM_Cylinder2 SpatiallyLoaded:1 Bounds:IsValid=true, Min=(X=5080.000 Y=2970.000 Z=0.063), Max=(X=5180.000 Y=3070.000 Z=918.813) RuntimeGrid:None EditorOnly:0 RuntimeOnly:0 HLODRelevant:1 ListedInSceneOutliner:1 IsMainWorldOnly:0
 |   |   |- Guid:80ECCCC84453256572ECC4A5A470A7D1 BaseClass: NativeClass:/Script/Engine.StaticMeshActor Name:StaticMeshActor_UAID_74563C667264176602_1155157262 Label:SM_Ramp SpatiallyLoaded:1 Bounds:IsValid=true, Min=(X=1350.000 Y=2530.000 Z=0.063), Max=(X=3450.000 Y=3080.000 Z=1075.063) RuntimeGrid:None EditorOnly:0 RuntimeOnly:0 HLODRelevant:1 ListedInSceneOutliner:1 IsMainWorldOnly:0
 |   |   |- Guid:8113CE8F4599798E76332A89183352C8 BaseClass: NativeClass:/Script/Engine.StaticMeshActor Name:StaticMeshActor_UAID_74563C667264D36802_1340603457 Label:SM_Cube15 SpatiallyLoaded:1 Bounds:IsValid=true, Min=(X=3250.000 Y=2330.000 Z=980.000), Max=(X=3350.000 Y=2430.000 Z=1080.000) RuntimeGrid:None EditorOnly:0 RuntimeOnly:0 HLODRelevant:1 ListedInSceneOutliner:1 IsMainWorldOnly:0
 |   |   |- Guid:8370E8C6482A25A3B79F0BB3410BD17E BaseClass: NativeClass:/Script/Engine.StaticMeshActor Name:StaticMeshActor_UAID_74563C667264D46802_1528454664 Label:SM_Cube45 SpatiallyLoaded:1 Bounds:IsValid=true, Min=(X=3650.000 Y=3180.000 Z=980.000), Max=(X=3750.000 Y=3280.000 Z=1080.000) RuntimeGrid:None EditorOnly:0 RuntimeOnly:0 HLODRelevant:1 ListedInSceneOutliner:1 IsMainWorldOnly:0
 |   |   |- Guid:83E4362E49F226AADF1643BB4F980F16 BaseClass: NativeClass:/Script/Engine.StaticMeshActor Name:StaticMeshActor_UAID_74563C667264D36802_1340605459 Label:SM_Cube17 SpatiallyLoaded:1 Bounds:IsValid=true, Min=(X=3350.000 Y=2330.000 Z=980.000), Max=(X=3450.000 Y=2430.000 Z=1080.000) RuntimeGrid:None EditorOnly:0 RuntimeOnly:0 HLODRelevant:1 ListedInSceneOutliner:1 IsMainWorldOnly:0
 |   |   |- Guid:8EC7FFAD480997787F0085B0CD17045F BaseClass: NativeClass:/Script/Engine.StaticMeshActor Name:StaticMeshActor_UAID_74563C667264D46802_1528453663 Label:SM_Cube44 SpatiallyLoaded:1 Bounds:IsValid=true, Min=(X=3650.000 Y=3080.000 Z=980.000), Max=(X=3750.000 Y=3180.000 Z=1080.000) RuntimeGrid:None EditorOnly:0 RuntimeOnly:0 HLODRelevant:1 ListedInSceneOutliner:1 IsMainWorldOnly:0
 |   |   |- Guid:913352CC4D1456D11C48D089AAB30EEF BaseClass: NativeClass:/Script/Engine.StaticMeshActor Name:StaticMeshActor_UAID_74563C667264D46802_1523856657 Label:SM_Cube38 SpatiallyLoaded:1 Bounds:IsValid=true, Min=(X=3550.000 Y=3280.000 Z=980.000), Max=(X=3650.000 Y=3380.000 Z=1080.000) RuntimeGrid:None EditorOnly:0 RuntimeOnly:0 HLODRelevant:1 ListedInSceneOutliner:1 IsMainWorldOnly:0
 |   |   |- Guid:95498BDD464A56C7F611118B225D646A BaseClass: NativeClass:/Script/Engine.StaticMeshActor Name:StaticMeshActor_UAID_74563C667264D36802_1411481473 Label:SM_Cube30 SpatiallyLoaded:1 Bounds:IsValid=true, Min=(X=3250.000 Y=-140.000 Z=980.000), Max=(X=3350.000 Y=-40.000 Z=1080.000) RuntimeGrid:None EditorOnly:0 RuntimeOnly:0 HLODRelevant:1 ListedInSceneOutliner:1 IsMainWorldOnly:0
 |   |   |- Guid:99EC19574180882C684C76BE2D1456B1 BaseClass: NativeClass:/Script/Engine.StaticMeshActor Name:StaticMeshActor_UAID_74563C667264D46802_1519501653 Label:SM_Cube34 SpatiallyLoaded:1 Bounds:IsValid=true, Min=(X=3450.000 Y=3280.000 Z=980.000), Max=(X=3550.000 Y=3380.000 Z=1080.000) RuntimeGrid:None EditorOnly:0 RuntimeOnly:0 HLODRelevant:1 ListedInSceneOutliner:1 IsMainWorldOnly:0
 |   |   |- Guid:9EE65A124E548A3CD2A6BCB7B2D2BB27 BaseClass: NativeClass:/Script/Engine.StaticMeshActor Name:StaticMeshActor_UAID_74563C6672643A6802_1107283550 Label:SM_Cube11 SpatiallyLoaded:1 Bounds:IsValid=true, Min=(X=3250.000 Y=5980.000 Z=980.000), Max=(X=3350.000 Y=6080.000 Z=1080.000) RuntimeGrid:None EditorOnly:0 RuntimeOnly:0 HLODRelevant:1 ListedInSceneOutliner:1 IsMainWorldOnly:0
 |   |   |- Guid:B3C9B64B4AF7B4268E05F084A24E9C83 BaseClass: NativeClass:/Script/Engine.StaticMeshActor Name:StaticMeshActor_UAID_74563C667264396802_2070669357 Label:SM_Cube7 SpatiallyLoaded:1 Bounds:IsValid=true, Min=(X=3250.000 Y=3280.000 Z=980.000), Max=(X=3350.000 Y=3380.000 Z=1080.000) RuntimeGrid:None EditorOnly:0 RuntimeOnly:0 HLODRelevant:1 ListedInSceneOutliner:1 IsMainWorldOnly:0
 |   |   |- Guid:B5509F454AF36426960CEFA615E96072 BaseClass: NativeClass:/Script/Engine.StaticMeshActor Name:StaticMeshActor_UAID_74563C667264D86802_1202009370 Label:SM_Cube46 SpatiallyLoaded:1 Bounds:IsValid=true, Min=(X=5014.000 Y=1761.000 Z=980.000), Max=(X=5114.000 Y=1861.000 Z=1080.000) RuntimeGrid:None EditorOnly:0 RuntimeOnly:0 HLODRelevant:1 ListedInSceneOutliner:1 IsMainWorldOnly:0
 |   |   |- Guid:B5F795694FD0DA90A30AB0A79A255378 BaseClass: NativeClass:/Script/Engine.StaticMeshActor Name:StaticMeshActor_UAID_74563C667264176602_1258335264 Label:SM_Cylinder SpatiallyLoaded:1 Bounds:IsValid=true, Min=(X=5080.000 Y=2510.000 Z=0.063), Max=(X=5180.000 Y=2610.000 Z=918.813) RuntimeGrid:None EditorOnly:0 RuntimeOnly:0 HLODRelevant:1 ListedInSceneOutliner:1 IsMainWorldOnly:0
 |   |   |- Guid:B785ED2844B84CFB91E7F39FE661CD99 BaseClass: NativeClass:/Script/Engine.DirectionalLight Name:DirectionalLight_0 Label:DirectionalLight SpatiallyLoaded:0 Bounds:IsValid=true, Min=(X=-1048576.000 Y=-1048576.000 Z=-1048576.000), Max=(X=1048576.000 Y=1048576.000 Z=1048576.000) RuntimeGrid:None EditorOnly:0 RuntimeOnly:0 HLODRelevant:0 ListedInSceneOutliner:1 IsMainWorldOnly:0 FolderPath:Lighting FolderGuid:963EC3EB4002CCE9759E2EBA541A873A
 |   |   |- Guid:B824D1A34B7E59D4690507AB9CBC2762 BaseClass: NativeClass:/Script/Engine.StaticMeshActor Name:StaticMeshActor_UAID_74563C667264D36802_1351616469 Label:SM_Cube27 SpatiallyLoaded:1 Bounds:IsValid=true, Min=(X=3350.000 Y=1730.000 Z=980.000), Max=(X=3450.000 Y=1830.000 Z=1080.000) RuntimeGrid:None EditorOnly:0 RuntimeOnly:0 HLODRelevant:1 ListedInSceneOutliner:1 IsMainWorldOnly:0
 |   |   |- Guid:B906AF92424BE1A0D6E8459451CD550C BaseClass: NativeClass:/Script/Engine.StaticMeshActor Name:StaticMeshActor_UAID_74563C667264D36802_1340604458 Label:SM_Cube16 SpatiallyLoaded:1 Bounds:IsValid=true, Min=(X=3250.000 Y=2130.000 Z=980.000), Max=(X=3350.000 Y=2230.000 Z=1080.000) RuntimeGrid:None EditorOnly:0 RuntimeOnly:0 HLODRelevant:1 ListedInSceneOutliner:1 IsMainWorldOnly:0
 |   |   |- Guid:BA033FEE4F1E713373516C9608F02C3A BaseClass: NativeClass:/Script/Engine.StaticMeshActor Name:StaticMeshActor_UAID_74563C6672643A6802_1107284551 Label:SM_Cube12 SpatiallyLoaded:1 Bounds:IsValid=true, Min=(X=3250.000 Y=6080.000 Z=980.000), Max=(X=3350.000 Y=6180.000 Z=1080.000) RuntimeGrid:None EditorOnly:0 RuntimeOnly:0 HLODRelevant:1 ListedInSceneOutliner:1 IsMainWorldOnly:0
 |   |   |- Guid:BA3F40914A911C61C12AF6B1007B2B1A BaseClass: NativeClass:/Script/Engine.StaticMeshActor Name:StaticMeshActor_UAID_74563C667264396802_2067594354 Label:SM_Cube4 SpatiallyLoaded:1 Bounds:IsValid=true, Min=(X=3350.000 Y=3180.000 Z=980.000), Max=(X=3450.000 Y=3280.000 Z=1080.000) RuntimeGrid:None EditorOnly:0 RuntimeOnly:0 HLODRelevant:1 ListedInSceneOutliner:1 IsMainWorldOnly:0
 |   |   |- Guid:C085D1274C44F2EA12B5BFAD6BFC25E3 BaseClass: NativeClass:/Script/Engine.StaticMeshActor Name:StaticMeshActor_UAID_74563C6672643A6802_1107280549 Label:SM_Cube10 SpatiallyLoaded:1 Bounds:IsValid=true, Min=(X=3250.000 Y=5880.000 Z=980.000), Max=(X=3350.000 Y=5980.000 Z=1080.000) RuntimeGrid:None EditorOnly:0 RuntimeOnly:0 HLODRelevant:1 ListedInSceneOutliner:1 IsMainWorldOnly:0
 |   |   |- Guid:C16A94544EEE695F4A7E7A8D401F5547 BaseClass: NativeClass:/Script/Engine.StaticMeshActor Name:StaticMeshActor_UAID_74563C667264D86802_1202013373 Label:SM_Cube49 SpatiallyLoaded:1 Bounds:IsValid=true, Min=(X=5114.000 Y=1861.000 Z=980.000), Max=(X=5214.000 Y=1961.000 Z=1080.000) RuntimeGrid:None EditorOnly:0 RuntimeOnly:0 HLODRelevant:1 ListedInSceneOutliner:1 IsMainWorldOnly:0
 |   |   |- Guid:C82E912A4F8699F1373EC89A3AB220E0 BaseClass: NativeClass:/Script/Engine.StaticMeshActor Name:StaticMeshActor_UAID_74563C667264396802_2074165359 Label:SM_Cube9 SpatiallyLoaded:1 Bounds:IsValid=true, Min=(X=3250.000 Y=3380.000 Z=980.000), Max=(X=3350.000 Y=3480.000 Z=1080.000) RuntimeGrid:None EditorOnly:0 RuntimeOnly:0 HLODRelevant:1 ListedInSceneOutliner:1 IsMainWorldOnly:0
 |   |   |- Guid:CCFF262C46EEFFDF319E7F9539CE697E BaseClass: NativeClass:/Script/Engine.SkyAtmosphere Name:SkyAtmosphere_0 Label:SkyAtmosphere SpatiallyLoaded:0 Bounds:IsValid=true, Min=(X=0.000 Y=0.000 Z=1020.000), Max=(X=0.000 Y=0.000 Z=1020.000) RuntimeGrid:None EditorOnly:0 RuntimeOnly:0 HLODRelevant:0 ListedInSceneOutliner:1 IsMainWorldOnly:0 FolderPath:Lighting FolderGuid:963EC3EB4002CCE9759E2EBA541A873A
 |   |   |- Guid:D4FDF4A5485713DC29C0338A6A42C117 BaseClass: NativeClass:/Script/Engine.PostProcessVolume Name:PostProcessVolume_UAID_74563C667264B46602_1424750888 Label:PostProcessVolume SpatiallyLoaded:0 Bounds:IsValid=true, Min=(X=3473.750 Y=2143.750 Z=3.750), Max=(X=4786.250 Y=3456.250 Z=1316.250) RuntimeGrid:None EditorOnly:0 RuntimeOnly:0 HLODRelevant:0 ListedInSceneOutliner:1 IsMainWorldOnly:0
 |   |   |- Guid:D70D2D7E4534BA55D3BEEE9BAC41A785 BaseClass: NativeClass:/Script/Engine.StaticMeshActor Name:StaticMeshActor_UAID_74563C667264D36802_1340606460 Label:SM_Cube18 SpatiallyLoaded:1 Bounds:IsValid=true, Min=(X=3350.000 Y=2430.000 Z=980.000), Max=(X=3450.000 Y=2530.000 Z=1080.000) RuntimeGrid:None EditorOnly:0 RuntimeOnly:0 HLODRelevant:1 ListedInSceneOutliner:1 IsMainWorldOnly:0
 |   |   |- Guid:DC869C0B475CD7E6D8F5EBA369A13D1D BaseClass: NativeClass:/Script/Engine.StaticMeshActor Name:StaticMeshActor_UAID_74563C667264D36802_1351612465 Label:SM_Cube23 SpatiallyLoaded:1 Bounds:IsValid=true, Min=(X=3250.000 Y=1930.000 Z=980.000), Max=(X=3350.000 Y=2030.000 Z=1080.000) RuntimeGrid:None EditorOnly:0 RuntimeOnly:0 HLODRelevant:1 ListedInSceneOutliner:1 IsMainWorldOnly:0
 |   |   |- Guid:DE277105475BC8BBDA57C6A7DE76FDA6 BaseClass: NativeClass:/Script/Engine.StaticMeshActor Name:StaticMeshActor_UAID_74563C667264D36802_1351615468 Label:SM_Cube26 SpatiallyLoaded:1 Bounds:IsValid=true, Min=(X=3350.000 Y=2030.000 Z=980.000), Max=(X=3450.000 Y=2130.000 Z=1080.000) RuntimeGrid:None EditorOnly:0 RuntimeOnly:0 HLODRelevant:1 ListedInSceneOutliner:1 IsMainWorldOnly:0
 |   |   |- Guid:E109ECAB4DBAD842DA6E6BB98A2FE969 BaseClass: NativeClass:/Script/Engine.StaticMeshActor Name:StaticMeshActor_UAID_74563C667264D46802_1523858658 Label:SM_Cube39 SpatiallyLoaded:1 Bounds:IsValid=true, Min=(X=3550.000 Y=3380.000 Z=980.000), Max=(X=3650.000 Y=3480.000 Z=1080.000) RuntimeGrid:None EditorOnly:0 RuntimeOnly:0 HLODRelevant:1 ListedInSceneOutliner:1 IsMainWorldOnly:0
 |   |   |- Guid:E3A7803944F87BD22B7E099454AB041F BaseClass: NativeClass:/Script/Engine.StaticMeshActor Name:StaticMeshActor_UAID_74563C667264D36802_1411483474 Label:SM_Cube31 SpatiallyLoaded:1 Bounds:IsValid=true, Min=(X=3350.000 Y=-140.000 Z=980.000), Max=(X=3450.000 Y=-40.000 Z=1080.000) RuntimeGrid:None EditorOnly:0 RuntimeOnly:0 HLODRelevant:1 ListedInSceneOutliner:1 IsMainWorldOnly:0
 |   |   |- Guid:EB18A7594E3E4A104EB1A7A5183771F6 BaseClass: NativeClass:/Script/Engine.StaticMeshActor Name:StaticMeshActor_UAID_74563C667264D36802_1340598456 Label:SM_Cube14 SpatiallyLoaded:1 Bounds:IsValid=true, Min=(X=3250.000 Y=2430.000 Z=980.000), Max=(X=3350.000 Y=2530.000 Z=1080.000) RuntimeGrid:None EditorOnly:0 RuntimeOnly:0 HLODRelevant:1 ListedInSceneOutliner:1 IsMainWorldOnly:0
 |   |   |- Guid:EC0FBDCE48CF412B347098B0A3364D0F BaseClass: NativeClass:/Script/Engine.StaticMeshActor Name:StaticMeshActor_UAID_74563C667264DA6802_1078747731 Label:SM_Cube53 SpatiallyLoaded:1 Bounds:IsValid=true, Min=(X=4482.000 Y=4232.721 Z=932.000), Max=(X=4622.883 Y=4373.604 Z=1032.000) RuntimeGrid:None EditorOnly:0 RuntimeOnly:0 HLODRelevant:1 ListedInSceneOutliner:1 IsMainWorldOnly:0
 |   |   |- Guid:EC4E0C944CE6AC6E784BC6BB2916EA13 BaseClass: NativeClass:/Script/Engine.StaticMeshActor Name:StaticMeshActor_UAID_A4AE111137DC5EFB00_1110535423 Label:SM_SkySphere SpatiallyLoaded:0 Bounds:IsValid=true, Min=(X=-1638400.000 Y=-1638400.000 Z=-1638400.000), Max=(X=1638400.000 Y=1638400.000 Z=1638400.000) RuntimeGrid:None EditorOnly:0 RuntimeOnly:0 HLODRelevant:1 ListedInSceneOutliner:1 IsMainWorldOnly:0 FolderPath:Lighting FolderGuid:963EC3EB4002CCE9759E2EBA541A873A
 |   |   |- Guid:F128957847CADC2AF68B1982736E606C BaseClass: NativeClass:/Script/Engine.StaticMeshActor Name:StaticMeshActor_UAID_74563C6672643A6802_1107285552 Label:SM_Cube13 SpatiallyLoaded:1 Bounds:IsValid=true, Min=(X=3250.000 Y=6180.000 Z=980.000), Max=(X=3350.000 Y=6280.000 Z=1080.000) RuntimeGrid:None EditorOnly:0 RuntimeOnly:0 HLODRelevant:1 ListedInSceneOutliner:1 IsMainWorldOnly:0
 |   |   |- Guid:F1924B8D48954B30891B2DB6A694F9CC BaseClass: NativeClass:/Script/Engine.StaticMeshActor Name:StaticMeshActor_1 Label:SM_Cube SpatiallyLoaded:1 Bounds:IsValid=true, Min=(X=180.000 Y=0.000 Z=-50.000), Max=(X=8030.000 Y=8350.000 Z=0.000) RuntimeGrid:None EditorOnly:0 RuntimeOnly:0 HLODRelevant:1 ListedInSceneOutliner:1 IsMainWorldOnly:0 FolderPath:Playground FolderGuid:C73F09FC4215536B1DCE2A9E0A830C70
 |   |   |- Guid:F1B012B146C3B2612E764DB3F874D417 BaseClass: NativeClass:/Script/Engine.StaticMeshActor Name:StaticMeshActor_UAID_74563C667264D36802_1340608461 Label:SM_Cube19 SpatiallyLoaded:1 Bounds:IsValid=true, Min=(X=3350.000 Y=2130.000 Z=980.000), Max=(X=3450.000 Y=2230.000 Z=1080.000) RuntimeGrid:None EditorOnly:0 RuntimeOnly:0 HLODRelevant:1 ListedInSceneOutliner:1 IsMainWorldOnly:0
 |   |   |- Guid:F507A8B842E80D8AF7A77CBE7BD3D2DA BaseClass: NativeClass:/Script/Engine.StaticMeshActor Name:StaticMeshActor_UAID_74563C667264D36802_1411485475 Label:SM_Cube32 SpatiallyLoaded:1 Bounds:IsValid=true, Min=(X=3250.000 Y=-40.000 Z=980.000), Max=(X=3350.000 Y=60.000 Z=1080.000) RuntimeGrid:None EditorOnly:0 RuntimeOnly:0 HLODRelevant:1 ListedInSceneOutliner:1 IsMainWorldOnly:0
 |   |   |- Guid:FFEC4BBE48DE0EBC54B0F69D09B80267 BaseClass: NativeClass:/Script/Engine.StaticMeshActor Name:StaticMeshActor_UAID_74563C667264396802_2067596355 Label:SM_Cube5 SpatiallyLoaded:1 Bounds:IsValid=true, Min=(X=3250.000 Y=3180.000 Z=980.000), Max=(X=3350.000 Y=3280.000 Z=1080.000) RuntimeGrid:None EditorOnly:0 RuntimeOnly:0 HLODRelevant:1 ListedInSceneOutliner:1 IsMainWorldOnly:0
 |   |- [+] Clusters:
 |   |   |- [+] [  0]
 |   |   |   |- Guid:00E4BECC497A7EA910DA5C9C8CFD920D BaseClass: NativeClass:/Script/Engine.StaticMeshActor Name:StaticMeshActor_UAID_74563C667264D86802_1202011371 Label:SM_Cube47 SpatiallyLoaded:1 Bounds:IsValid=true, Min=(X=5114.000 Y=1761.000 Z=980.000), Max=(X=5214.000 Y=1861.000 Z=1080.000) RuntimeGrid:None EditorOnly:0 RuntimeOnly:0 HLODRelevant:1 ListedInSceneOutliner:1 IsMainWorldOnly:0
 |   |   |- [+] [  1]
 |   |   |   |- Guid:0528C3814EA67A3E2BC094BD9D0D42D8 BaseClass: NativeClass:/Script/Engine.StaticMeshActor Name:StaticMeshActor_UAID_74563C667264D86802_1202012372 Label:SM_Cube48 SpatiallyLoaded:1 Bounds:IsValid=true, Min=(X=5014.000 Y=1861.000 Z=980.000), Max=(X=5114.000 Y=1961.000 Z=1080.000) RuntimeGrid:None EditorOnly:0 RuntimeOnly:0 HLODRelevant:1 ListedInSceneOutliner:1 IsMainWorldOnly:0
 |   |   |- [+] [  2]
 |   |   |   |- Guid:127AEC7A4F0C4499A9921DB7D376251A BaseClass: NativeClass:/Script/Engine.StaticMeshActor Name:StaticMeshActor_UAID_74563C667264D36802_1351613466 Label:SM_Cube24 SpatiallyLoaded:1 Bounds:IsValid=true, Min=(X=3250.000 Y=1730.000 Z=980.000), Max=(X=3350.000 Y=1830.000 Z=1080.000) RuntimeGrid:None EditorOnly:0 RuntimeOnly:0 HLODRelevant:1 ListedInSceneOutliner:1 IsMainWorldOnly:0
 |   |   |- [+] [  3]
 |   |   |   |- Guid:17A9FBC047FF949211640FB193B81F2B BaseClass: NativeClass:/Script/Engine.StaticMeshActor Name:StaticMeshActor_UAID_74563C667264D46802_1519508656 Label:SM_Cube37 SpatiallyLoaded:1 Bounds:IsValid=true, Min=(X=3450.000 Y=3180.000 Z=980.000), Max=(X=3550.000 Y=3280.000 Z=1080.000) RuntimeGrid:None EditorOnly:0 RuntimeOnly:0 HLODRelevant:1 ListedInSceneOutliner:1 IsMainWorldOnly:0
 |   |   |- [+] [  4]
 |   |   |   |- Guid:18067BEE4A8EF7250B4A12A5E409ACC9 BaseClass: NativeClass:/Script/Engine.StaticMeshActor Name:StaticMeshActor_UAID_74563C667264D46802_1519507655 Label:SM_Cube36 SpatiallyLoaded:1 Bounds:IsValid=true, Min=(X=3450.000 Y=3080.000 Z=980.000), Max=(X=3550.000 Y=3180.000 Z=1080.000) RuntimeGrid:None EditorOnly:0 RuntimeOnly:0 HLODRelevant:1 ListedInSceneOutliner:1 IsMainWorldOnly:0
 |   |   |- [+] [  5]
 |   |   |   |- Guid:1D5EE4EF4B07FBB6660DB3ACA6D5478B BaseClass: NativeClass:/Script/Engine.StaticMeshActor Name:StaticMeshActor_UAID_74563C667264396802_2070666356 Label:SM_Cube6 SpatiallyLoaded:1 Bounds:IsValid=true, Min=(X=3350.000 Y=3280.000 Z=980.000), Max=(X=3450.000 Y=3380.000 Z=1080.000) RuntimeGrid:None EditorOnly:0 RuntimeOnly:0 HLODRelevant:1 ListedInSceneOutliner:1 IsMainWorldOnly:0
 |   |   |- [+] [  6]
 |   |   |   |- Guid:2100687F489F7366199FEA8085B2744F BaseClass: NativeClass:/Script/Engine.StaticMeshActor Name:StaticMeshActor_UAID_74563C667264D36802_1351617470 Label:SM_Cube28 SpatiallyLoaded:1 Bounds:IsValid=true, Min=(X=3250.000 Y=1830.000 Z=980.000), Max=(X=3350.000 Y=1930.000 Z=1080.000) RuntimeGrid:None EditorOnly:0 RuntimeOnly:0 HLODRelevant:1 ListedInSceneOutliner:1 IsMainWorldOnly:0
 |   |   |- [+] [  7]
 |   |   |   |- Guid:2FB58999456391D349DC0F86DAC136ED BaseClass: NativeClass:/Script/Engine.SkyLight Name:SkyLight_1 Label:SkyLight SpatiallyLoaded:0 Bounds:IsValid=true, Min=(X=0.000 Y=0.000 Z=690.000), Max=(X=0.000 Y=0.000 Z=690.000) RuntimeGrid:None EditorOnly:0 RuntimeOnly:0 HLODRelevant:0 ListedInSceneOutliner:1 IsMainWorldOnly:0 FolderPath:Lighting FolderGuid:963EC3EB4002CCE9759E2EBA541A873A
 |   |   |- [+] [  8]
 |   |   |   |- Guid:316CF2A6494ACA4C0E4180A87D36AB8F BaseClass: NativeClass:/Script/Engine.ExponentialHeightFog Name:ExponentialHeightFog_0 Label:ExponentialHeightFog SpatiallyLoaded:0 Bounds:IsValid=true, Min=(X=-5600.000 Y=-50.000 Z=-6850.000), Max=(X=-5600.000 Y=-50.000 Z=-6850.000) RuntimeGrid:None EditorOnly:0 RuntimeOnly:0 HLODRelevant:0 ListedInSceneOutliner:1 IsMainWorldOnly:0 FolderPath:Lighting FolderGuid:963EC3EB4002CCE9759E2EBA541A873A
 |   |   |- [+] [  9]
 |   |   |   |- Guid:34EE35E24334B5CF928111875D7B27E1 BaseClass: NativeClass:/Script/Engine.StaticMeshActor Name:StaticMeshActor_UAID_74563C667264396802_1986983352 Label:SM_Cube2 SpatiallyLoaded:1 Bounds:IsValid=true, Min=(X=3350.000 Y=3080.000 Z=980.000), Max=(X=3450.000 Y=3180.000 Z=1080.000) RuntimeGrid:None EditorOnly:0 RuntimeOnly:0 HLODRelevant:1 ListedInSceneOutliner:1 IsMainWorldOnly:0
 |   |   |- [+] [ 10]
 |   |   |   |- Guid:36B15D5949074580EB089D9DC40EEB0C BaseClass: NativeClass:/Script/Engine.StaticMeshActor Name:StaticMeshActor_UAID_74563C667264DA6802_1078743728 Label:SM_Cube50 SpatiallyLoaded:1 Bounds:IsValid=true, Min=(X=4547.045 Y=4308.683 Z=932.000), Max=(X=4687.928 Y=4449.566 Z=1032.000) RuntimeGrid:None EditorOnly:0 RuntimeOnly:0 HLODRelevant:1 ListedInSceneOutliner:1 IsMainWorldOnly:0
 |   |   |- [+] [ 11]
 |   |   |   |- Guid:3A00AA1C422CE54C0BDB60BAF471BFBB BaseClass: NativeClass:/Script/Engine.PlayerStart Name:PlayerStart_0 Label:PlayerStart SpatiallyLoaded:0 Bounds:IsValid=true, Min=(X=3080.000 Y=2760.000 Z=910.063), Max=(X=3160.000 Y=2840.000 Z=1094.063) RuntimeGrid:None EditorOnly:0 RuntimeOnly:0 HLODRelevant:0 ListedInSceneOutliner:1 IsMainWorldOnly:0
 |   |   |- [+] [ 12]
 |   |   |   |- Guid:3B2466424B46FFFC2318CB8BB088DBCC BaseClass:/Game/WMTOY_Contents/Obstacles/SpinningStick/BP_SpinningStick.BP_SpinningStick_C NativeClass:/Script/Engine.Actor Name:BP_SpinningStick_C_UAID_74563C667264B86A02_1647390815 Label:BP_SpinningStick SpatiallyLoaded:1 Bounds:IsValid=true, Min=(X=2931.000 Y=2327.200 Z=1092.200), Max=(X=3699.000 Y=2352.800 Z=1117.800) RuntimeGrid:None EditorOnly:0 RuntimeOnly:0 HLODRelevant:0 ListedInSceneOutliner:1 IsMainWorldOnly:0
 |   |   |- [+] [ 13]
 |   |   |   |- Guid:3DDB114041D61503EBDA3A9BAE5D47C0 BaseClass: NativeClass:/Script/Engine.StaticMeshActor Name:StaticMeshActor_UAID_74563C667264D46802_1519505654 Label:SM_Cube35 SpatiallyLoaded:1 Bounds:IsValid=true, Min=(X=3450.000 Y=3380.000 Z=980.000), Max=(X=3550.000 Y=3480.000 Z=1080.000) RuntimeGrid:None EditorOnly:0 RuntimeOnly:0 HLODRelevant:1 ListedInSceneOutliner:1 IsMainWorldOnly:0
 |   |   |- [+] [ 14]
 |   |   |   |- Guid:4043BC2B45A547303CE5D79E9D49442C BaseClass: NativeClass:/Script/Engine.StaticMeshActor Name:StaticMeshActor_UAID_74563C667264D36802_1351610464 Label:SM_Cube22 SpatiallyLoaded:1 Bounds:IsValid=true, Min=(X=3250.000 Y=2030.000 Z=980.000), Max=(X=3350.000 Y=2130.000 Z=1080.000) RuntimeGrid:None EditorOnly:0 RuntimeOnly:0 HLODRelevant:1 ListedInSceneOutliner:1 IsMainWorldOnly:0
 |   |   |- [+] [ 15]
 |   |   |   |- Guid:44FF15854D3DC30EA4B71E9BF5F19C25 BaseClass: NativeClass:/Script/Engine.StaticMeshActor Name:StaticMeshActor_UAID_74563C667264396802_2074162358 Label:SM_Cube8 SpatiallyLoaded:1 Bounds:IsValid=true, Min=(X=3350.000 Y=3380.000 Z=980.000), Max=(X=3450.000 Y=3480.000 Z=1080.000) RuntimeGrid:None EditorOnly:0 RuntimeOnly:0 HLODRelevant:1 ListedInSceneOutliner:1 IsMainWorldOnly:0
 |   |   |- [+] [ 16]
 |   |   |   |- Guid:4D3BE93F4146AAAC8BBE79999D96D57F BaseClass: NativeClass:/Script/Engine.VolumetricCloud Name:VolumetricCloud_0 Label:VolumetricCloud SpatiallyLoaded:0 Bounds:IsValid=true, Min=(X=0.000 Y=0.000 Z=820.000), Max=(X=0.000 Y=0.000 Z=820.000) RuntimeGrid:None EditorOnly:0 RuntimeOnly:0 HLODRelevant:0 ListedInSceneOutliner:1 IsMainWorldOnly:0 FolderPath:Lighting FolderGuid:963EC3EB4002CCE9759E2EBA541A873A
 |   |   |- [+] [ 17]
 |   |   |   |- Guid:4F0E766D4C7B7557084128BD818BB0E6 BaseClass: NativeClass:/Script/Engine.StaticMeshActor Name:StaticMeshActor_UAID_74563C667264DA6802_1078746730 Label:SM_Cube52 SpatiallyLoaded:1 Bounds:IsValid=true, Min=(X=4417.721 Y=4156.117 Z=932.000), Max=(X=4558.604 Y=4297.000 Z=1032.000) RuntimeGrid:None EditorOnly:0 RuntimeOnly:0 HLODRelevant:1 ListedInSceneOutliner:1 IsMainWorldOnly:0
 |   |   |- [+] [ 18]
 |   |   |   |- Guid:5BD6B4F548DE1B1641939C861B717C7F BaseClass: NativeClass:/Script/Engine.StaticMeshActor Name:StaticMeshActor_UAID_74563C667264176602_1300672266 Label:SM_Cylinder3 SpatiallyLoaded:1 Bounds:IsValid=true, Min=(X=3510.000 Y=2510.000 Z=0.063), Max=(X=3610.000 Y=2610.000 Z=918.813) RuntimeGrid:None EditorOnly:0 RuntimeOnly:0 HLODRelevant:1 ListedInSceneOutliner:1 IsMainWorldOnly:0
 |   |   |- [+] [ 19]
 |   |   |   |- Guid:618D770A41C075A8D347688A4E4C4FC4 BaseClass: NativeClass:/Script/Engine.StaticMeshActor Name:StaticMeshActor_UAID_74563C667264D46802_1523860659 Label:SM_Cube40 SpatiallyLoaded:1 Bounds:IsValid=true, Min=(X=3550.000 Y=3080.000 Z=980.000), Max=(X=3650.000 Y=3180.000 Z=1080.000) RuntimeGrid:None EditorOnly:0 RuntimeOnly:0 HLODRelevant:1 ListedInSceneOutliner:1 IsMainWorldOnly:0
 |   |   |- [+] [ 20]
 |   |   |   |- Guid:631AA1BB4078F2DA97DE67A9F3BD9E2D BaseClass: NativeClass:/Script/Engine.StaticMeshActor Name:StaticMeshActor_UAID_74563C667264D46802_1523861660 Label:SM_Cube41 SpatiallyLoaded:1 Bounds:IsValid=true, Min=(X=3550.000 Y=3180.000 Z=980.000), Max=(X=3650.000 Y=3280.000 Z=1080.000) RuntimeGrid:None EditorOnly:0 RuntimeOnly:0 HLODRelevant:1 ListedInSceneOutliner:1 IsMainWorldOnly:0
 |   |   |- [+] [ 21]
 |   |   |   |- Guid:660700A74268B509F8633797849C1190 BaseClass: NativeClass:/Script/Engine.StaticMeshActor Name:StaticMeshActor_UAID_74563C667264D36802_1340610463 Label:SM_Cube21 SpatiallyLoaded:1 Bounds:IsValid=true, Min=(X=3350.000 Y=2230.000 Z=980.000), Max=(X=3450.000 Y=2330.000 Z=1080.000) RuntimeGrid:None EditorOnly:0 RuntimeOnly:0 HLODRelevant:1 ListedInSceneOutliner:1 IsMainWorldOnly:0
 |   |   |- [+] [ 22]
 |   |   |   |- Guid:6BAF4DDD444C60371492D3919DB42C97 BaseClass: NativeClass:/Script/Engine.WorldDataLayers Name:WorldDataLayers Label:WorldDataLayers SpatiallyLoaded:0 Bounds:IsValid=true, Min=(X=0.000 Y=0.000 Z=0.000), Max=(X=0.000 Y=0.000 Z=0.000) RuntimeGrid:None EditorOnly:0 RuntimeOnly:0 HLODRelevant:0 ListedInSceneOutliner:1 IsMainWorldOnly:1
 |   |   |- [+] [ 23]
 |   |   |   |- Guid:6EA2C805450D458ABC98FCB058626035 BaseClass: NativeClass:/Script/Engine.StaticMeshActor Name:StaticMeshActor_UAID_74563C667264D36802_1411486476 Label:SM_Cube33 SpatiallyLoaded:1 Bounds:IsValid=true, Min=(X=3350.000 Y=-40.000 Z=980.000), Max=(X=3450.000 Y=60.000 Z=1080.000) RuntimeGrid:None EditorOnly:0 RuntimeOnly:0 HLODRelevant:1 ListedInSceneOutliner:1 IsMainWorldOnly:0
 |   |   |- [+] [ 24]
 |   |   |   |- Guid:705769AF4D5CECD7E38BF4907715934C BaseClass: NativeClass:/Script/Engine.StaticMeshActor Name:StaticMeshActor_UAID_74563C667264176602_1300675267 Label:SM_Cylinder4 SpatiallyLoaded:1 Bounds:IsValid=true, Min=(X=3510.000 Y=2970.000 Z=0.063), Max=(X=3610.000 Y=3070.000 Z=918.813) RuntimeGrid:None EditorOnly:0 RuntimeOnly:0 HLODRelevant:1 ListedInSceneOutliner:1 IsMainWorldOnly:0
 |   |   |- [+] [ 25]
 |   |   |   |- Guid:70B191EB47032FD1110E1AACD99936D2 BaseClass: NativeClass:/Script/Engine.StaticMeshActor Name:StaticMeshActor_UAID_74563C667264DA6802_1078745729 Label:SM_Cube51 SpatiallyLoaded:1 Bounds:IsValid=true, Min=(X=4611.324 Y=4385.287 Z=932.000), Max=(X=4752.207 Y=4526.171 Z=1032.000) RuntimeGrid:None EditorOnly:0 RuntimeOnly:0 HLODRelevant:1 ListedInSceneOutliner:1 IsMainWorldOnly:0
 |   |   |- [+] [ 26]
 |   |   |   |- Guid:71CA6825433E7FE4B948E381322B3B95 BaseClass: NativeClass:/Script/Engine.StaticMeshActor Name:StaticMeshActor_UAID_74563C667264D36802_1351618471 Label:SM_Cube29 SpatiallyLoaded:1 Bounds:IsValid=true, Min=(X=3350.000 Y=1830.000 Z=980.000), Max=(X=3450.000 Y=1930.000 Z=1080.000) RuntimeGrid:None EditorOnly:0 RuntimeOnly:0 HLODRelevant:1 ListedInSceneOutliner:1 IsMainWorldOnly:0
 |   |   |- [+] [ 27]
 |   |   |   |- Guid:7293C8164F06C5E336FE27AA04674D5B BaseClass: NativeClass:/Script/Engine.StaticMeshActor Name:StaticMeshActor_UAID_74563C667264D46802_1528451662 Label:SM_Cube43 SpatiallyLoaded:1 Bounds:IsValid=true, Min=(X=3651.000 Y=3380.000 Z=980.000), Max=(X=3751.000 Y=3480.000 Z=1080.000) RuntimeGrid:None EditorOnly:0 RuntimeOnly:0 HLODRelevant:1 ListedInSceneOutliner:1 IsMainWorldOnly:0
 |   |   |- [+] [ 28]
 |   |   |   |- Guid:72E47663442C55B13E4B648EF93F7326 BaseClass: NativeClass:/Script/Engine.StaticMeshActor Name:StaticMeshActor_UAID_74563C667264D36802_1351614467 Label:SM_Cube25 SpatiallyLoaded:1 Bounds:IsValid=true, Min=(X=3350.000 Y=1930.000 Z=980.000), Max=(X=3450.000 Y=2030.000 Z=1080.000) RuntimeGrid:None EditorOnly:0 RuntimeOnly:0 HLODRelevant:1 ListedInSceneOutliner:1 IsMainWorldOnly:0
 |   |   |- [+] [ 29]
 |   |   |   |- Guid:76301D7D4392FF3BFD7A758179E178B7 BaseClass: NativeClass:/Script/Engine.StaticMeshActor Name:StaticMeshActor_UAID_74563C667264396802_2058249353 Label:SM_Cube3 SpatiallyLoaded:1 Bounds:IsValid=true, Min=(X=3250.000 Y=3080.000 Z=980.000), Max=(X=3350.000 Y=3180.000 Z=1080.000) RuntimeGrid:None EditorOnly:0 RuntimeOnly:0 HLODRelevant:1 ListedInSceneOutliner:1 IsMainWorldOnly:0
 |   |   |- [+] [ 30]
 |   |   |   |- Guid:7639D9B949F4A1C18A0B709F1216A1A3 BaseClass: NativeClass:/Script/Engine.StaticMeshActor Name:StaticMeshActor_UAID_74563C667264D46802_1528449661 Label:SM_Cube42 SpatiallyLoaded:1 Bounds:IsValid=true, Min=(X=3651.000 Y=3280.000 Z=980.000), Max=(X=3751.000 Y=3380.000 Z=1080.000) RuntimeGrid:None EditorOnly:0 RuntimeOnly:0 HLODRelevant:1 ListedInSceneOutliner:1 IsMainWorldOnly:0
 |   |   |- [+] [ 31]
 |   |   |   |- Guid:7B8092E74C6AB51355173DBDADD53CA3 BaseClass: NativeClass:/Script/Engine.StaticMeshActor Name:StaticMeshActor_UAID_74563C667264D36802_1340609462 Label:SM_Cube20 SpatiallyLoaded:1 Bounds:IsValid=true, Min=(X=3250.000 Y=2230.000 Z=980.000), Max=(X=3350.000 Y=2330.000 Z=1080.000) RuntimeGrid:None EditorOnly:0 RuntimeOnly:0 HLODRelevant:1 ListedInSceneOutliner:1 IsMainWorldOnly:0
 |   |   |- [+] [ 32]
 |   |   |   |- Guid:7F48B6C24866FECBBCED52AE5C10297B BaseClass: NativeClass:/Script/Engine.StaticMeshActor Name:StaticMeshActor_UAID_74563C667264176602_1287688265 Label:SM_Cylinder2 SpatiallyLoaded:1 Bounds:IsValid=true, Min=(X=5080.000 Y=2970.000 Z=0.063), Max=(X=5180.000 Y=3070.000 Z=918.813) RuntimeGrid:None EditorOnly:0 RuntimeOnly:0 HLODRelevant:1 ListedInSceneOutliner:1 IsMainWorldOnly:0
 |   |   |- [+] [ 33]
 |   |   |   |- Guid:80ECCCC84453256572ECC4A5A470A7D1 BaseClass: NativeClass:/Script/Engine.StaticMeshActor Name:StaticMeshActor_UAID_74563C667264176602_1155157262 Label:SM_Ramp SpatiallyLoaded:1 Bounds:IsValid=true, Min=(X=1350.000 Y=2530.000 Z=0.063), Max=(X=3450.000 Y=3080.000 Z=1075.063) RuntimeGrid:None EditorOnly:0 RuntimeOnly:0 HLODRelevant:1 ListedInSceneOutliner:1 IsMainWorldOnly:0
 |   |   |- [+] [ 34]
 |   |   |   |- Guid:8113CE8F4599798E76332A89183352C8 BaseClass: NativeClass:/Script/Engine.StaticMeshActor Name:StaticMeshActor_UAID_74563C667264D36802_1340603457 Label:SM_Cube15 SpatiallyLoaded:1 Bounds:IsValid=true, Min=(X=3250.000 Y=2330.000 Z=980.000), Max=(X=3350.000 Y=2430.000 Z=1080.000) RuntimeGrid:None EditorOnly:0 RuntimeOnly:0 HLODRelevant:1 ListedInSceneOutliner:1 IsMainWorldOnly:0
 |   |   |- [+] [ 35]
 |   |   |   |- Guid:8370E8C6482A25A3B79F0BB3410BD17E BaseClass: NativeClass:/Script/Engine.StaticMeshActor Name:StaticMeshActor_UAID_74563C667264D46802_1528454664 Label:SM_Cube45 SpatiallyLoaded:1 Bounds:IsValid=true, Min=(X=3650.000 Y=3180.000 Z=980.000), Max=(X=3750.000 Y=3280.000 Z=1080.000) RuntimeGrid:None EditorOnly:0 RuntimeOnly:0 HLODRelevant:1 ListedInSceneOutliner:1 IsMainWorldOnly:0
 |   |   |- [+] [ 36]
 |   |   |   |- Guid:83E4362E49F226AADF1643BB4F980F16 BaseClass: NativeClass:/Script/Engine.StaticMeshActor Name:StaticMeshActor_UAID_74563C667264D36802_1340605459 Label:SM_Cube17 SpatiallyLoaded:1 Bounds:IsValid=true, Min=(X=3350.000 Y=2330.000 Z=980.000), Max=(X=3450.000 Y=2430.000 Z=1080.000) RuntimeGrid:None EditorOnly:0 RuntimeOnly:0 HLODRelevant:1 ListedInSceneOutliner:1 IsMainWorldOnly:0
 |   |   |- [+] [ 37]
 |   |   |   |- Guid:8EC7FFAD480997787F0085B0CD17045F BaseClass: NativeClass:/Script/Engine.StaticMeshActor Name:StaticMeshActor_UAID_74563C667264D46802_1528453663 Label:SM_Cube44 SpatiallyLoaded:1 Bounds:IsValid=true, Min=(X=3650.000 Y=3080.000 Z=980.000), Max=(X=3750.000 Y=3180.000 Z=1080.000) RuntimeGrid:None EditorOnly:0 RuntimeOnly:0 HLODRelevant:1 ListedInSceneOutliner:1 IsMainWorldOnly:0
 |   |   |- [+] [ 38]
 |   |   |   |- Guid:913352CC4D1456D11C48D089AAB30EEF BaseClass: NativeClass:/Script/Engine.StaticMeshActor Name:StaticMeshActor_UAID_74563C667264D46802_1523856657 Label:SM_Cube38 SpatiallyLoaded:1 Bounds:IsValid=true, Min=(X=3550.000 Y=3280.000 Z=980.000), Max=(X=3650.000 Y=3380.000 Z=1080.000) RuntimeGrid:None EditorOnly:0 RuntimeOnly:0 HLODRelevant:1 ListedInSceneOutliner:1 IsMainWorldOnly:0
 |   |   |- [+] [ 39]
 |   |   |   |- Guid:95498BDD464A56C7F611118B225D646A BaseClass: NativeClass:/Script/Engine.StaticMeshActor Name:StaticMeshActor_UAID_74563C667264D36802_1411481473 Label:SM_Cube30 SpatiallyLoaded:1 Bounds:IsValid=true, Min=(X=3250.000 Y=-140.000 Z=980.000), Max=(X=3350.000 Y=-40.000 Z=1080.000) RuntimeGrid:None EditorOnly:0 RuntimeOnly:0 HLODRelevant:1 ListedInSceneOutliner:1 IsMainWorldOnly:0
 |   |   |- [+] [ 40]
 |   |   |   |- Guid:99EC19574180882C684C76BE2D1456B1 BaseClass: NativeClass:/Script/Engine.StaticMeshActor Name:StaticMeshActor_UAID_74563C667264D46802_1519501653 Label:SM_Cube34 SpatiallyLoaded:1 Bounds:IsValid=true, Min=(X=3450.000 Y=3280.000 Z=980.000), Max=(X=3550.000 Y=3380.000 Z=1080.000) RuntimeGrid:None EditorOnly:0 RuntimeOnly:0 HLODRelevant:1 ListedInSceneOutliner:1 IsMainWorldOnly:0
 |   |   |- [+] [ 41]
 |   |   |   |- Guid:9EE65A124E548A3CD2A6BCB7B2D2BB27 BaseClass: NativeClass:/Script/Engine.StaticMeshActor Name:StaticMeshActor_UAID_74563C6672643A6802_1107283550 Label:SM_Cube11 SpatiallyLoaded:1 Bounds:IsValid=true, Min=(X=3250.000 Y=5980.000 Z=980.000), Max=(X=3350.000 Y=6080.000 Z=1080.000) RuntimeGrid:None EditorOnly:0 RuntimeOnly:0 HLODRelevant:1 ListedInSceneOutliner:1 IsMainWorldOnly:0
 |   |   |- [+] [ 42]
 |   |   |   |- Guid:B3C9B64B4AF7B4268E05F084A24E9C83 BaseClass: NativeClass:/Script/Engine.StaticMeshActor Name:StaticMeshActor_UAID_74563C667264396802_2070669357 Label:SM_Cube7 SpatiallyLoaded:1 Bounds:IsValid=true, Min=(X=3250.000 Y=3280.000 Z=980.000), Max=(X=3350.000 Y=3380.000 Z=1080.000) RuntimeGrid:None EditorOnly:0 RuntimeOnly:0 HLODRelevant:1 ListedInSceneOutliner:1 IsMainWorldOnly:0
 |   |   |- [+] [ 43]
 |   |   |   |- Guid:B5509F454AF36426960CEFA615E96072 BaseClass: NativeClass:/Script/Engine.StaticMeshActor Name:StaticMeshActor_UAID_74563C667264D86802_1202009370 Label:SM_Cube46 SpatiallyLoaded:1 Bounds:IsValid=true, Min=(X=5014.000 Y=1761.000 Z=980.000), Max=(X=5114.000 Y=1861.000 Z=1080.000) RuntimeGrid:None EditorOnly:0 RuntimeOnly:0 HLODRelevant:1 ListedInSceneOutliner:1 IsMainWorldOnly:0
 |   |   |- [+] [ 44]
 |   |   |   |- Guid:B5F795694FD0DA90A30AB0A79A255378 BaseClass: NativeClass:/Script/Engine.StaticMeshActor Name:StaticMeshActor_UAID_74563C667264176602_1258335264 Label:SM_Cylinder SpatiallyLoaded:1 Bounds:IsValid=true, Min=(X=5080.000 Y=2510.000 Z=0.063), Max=(X=5180.000 Y=2610.000 Z=918.813) RuntimeGrid:None EditorOnly:0 RuntimeOnly:0 HLODRelevant:1 ListedInSceneOutliner:1 IsMainWorldOnly:0
 |   |   |- [+] [ 45]
 |   |   |   |- Guid:B785ED2844B84CFB91E7F39FE661CD99 BaseClass: NativeClass:/Script/Engine.DirectionalLight Name:DirectionalLight_0 Label:DirectionalLight SpatiallyLoaded:0 Bounds:IsValid=true, Min=(X=-1048576.000 Y=-1048576.000 Z=-1048576.000), Max=(X=1048576.000 Y=1048576.000 Z=1048576.000) RuntimeGrid:None EditorOnly:0 RuntimeOnly:0 HLODRelevant:0 ListedInSceneOutliner:1 IsMainWorldOnly:0 FolderPath:Lighting FolderGuid:963EC3EB4002CCE9759E2EBA541A873A
 |   |   |- [+] [ 46]
 |   |   |   |- Guid:B824D1A34B7E59D4690507AB9CBC2762 BaseClass: NativeClass:/Script/Engine.StaticMeshActor Name:StaticMeshActor_UAID_74563C667264D36802_1351616469 Label:SM_Cube27 SpatiallyLoaded:1 Bounds:IsValid=true, Min=(X=3350.000 Y=1730.000 Z=980.000), Max=(X=3450.000 Y=1830.000 Z=1080.000) RuntimeGrid:None EditorOnly:0 RuntimeOnly:0 HLODRelevant:1 ListedInSceneOutliner:1 IsMainWorldOnly:0
 |   |   |- [+] [ 47]
 |   |   |   |- Guid:B906AF92424BE1A0D6E8459451CD550C BaseClass: NativeClass:/Script/Engine.StaticMeshActor Name:StaticMeshActor_UAID_74563C667264D36802_1340604458 Label:SM_Cube16 SpatiallyLoaded:1 Bounds:IsValid=true, Min=(X=3250.000 Y=2130.000 Z=980.000), Max=(X=3350.000 Y=2230.000 Z=1080.000) RuntimeGrid:None EditorOnly:0 RuntimeOnly:0 HLODRelevant:1 ListedInSceneOutliner:1 IsMainWorldOnly:0
 |   |   |- [+] [ 48]
 |   |   |   |- Guid:BA033FEE4F1E713373516C9608F02C3A BaseClass: NativeClass:/Script/Engine.StaticMeshActor Name:StaticMeshActor_UAID_74563C6672643A6802_1107284551 Label:SM_Cube12 SpatiallyLoaded:1 Bounds:IsValid=true, Min=(X=3250.000 Y=6080.000 Z=980.000), Max=(X=3350.000 Y=6180.000 Z=1080.000) RuntimeGrid:None EditorOnly:0 RuntimeOnly:0 HLODRelevant:1 ListedInSceneOutliner:1 IsMainWorldOnly:0
 |   |   |- [+] [ 49]
 |   |   |   |- Guid:BA3F40914A911C61C12AF6B1007B2B1A BaseClass: NativeClass:/Script/Engine.StaticMeshActor Name:StaticMeshActor_UAID_74563C667264396802_2067594354 Label:SM_Cube4 SpatiallyLoaded:1 Bounds:IsValid=true, Min=(X=3350.000 Y=3180.000 Z=980.000), Max=(X=3450.000 Y=3280.000 Z=1080.000) RuntimeGrid:None EditorOnly:0 RuntimeOnly:0 HLODRelevant:1 ListedInSceneOutliner:1 IsMainWorldOnly:0
 |   |   |- [+] [ 50]
 |   |   |   |- Guid:C085D1274C44F2EA12B5BFAD6BFC25E3 BaseClass: NativeClass:/Script/Engine.StaticMeshActor Name:StaticMeshActor_UAID_74563C6672643A6802_1107280549 Label:SM_Cube10 SpatiallyLoaded:1 Bounds:IsValid=true, Min=(X=3250.000 Y=5880.000 Z=980.000), Max=(X=3350.000 Y=5980.000 Z=1080.000) RuntimeGrid:None EditorOnly:0 RuntimeOnly:0 HLODRelevant:1 ListedInSceneOutliner:1 IsMainWorldOnly:0
 |   |   |- [+] [ 51]
 |   |   |   |- Guid:C16A94544EEE695F4A7E7A8D401F5547 BaseClass: NativeClass:/Script/Engine.StaticMeshActor Name:StaticMeshActor_UAID_74563C667264D86802_1202013373 Label:SM_Cube49 SpatiallyLoaded:1 Bounds:IsValid=true, Min=(X=5114.000 Y=1861.000 Z=980.000), Max=(X=5214.000 Y=1961.000 Z=1080.000) RuntimeGrid:None EditorOnly:0 RuntimeOnly:0 HLODRelevant:1 ListedInSceneOutliner:1 IsMainWorldOnly:0
 |   |   |- [+] [ 52]
 |   |   |   |- Guid:C82E912A4F8699F1373EC89A3AB220E0 BaseClass: NativeClass:/Script/Engine.StaticMeshActor Name:StaticMeshActor_UAID_74563C667264396802_2074165359 Label:SM_Cube9 SpatiallyLoaded:1 Bounds:IsValid=true, Min=(X=3250.000 Y=3380.000 Z=980.000), Max=(X=3350.000 Y=3480.000 Z=1080.000) RuntimeGrid:None EditorOnly:0 RuntimeOnly:0 HLODRelevant:1 ListedInSceneOutliner:1 IsMainWorldOnly:0
 |   |   |- [+] [ 53]
 |   |   |   |- Guid:CCFF262C46EEFFDF319E7F9539CE697E BaseClass: NativeClass:/Script/Engine.SkyAtmosphere Name:SkyAtmosphere_0 Label:SkyAtmosphere SpatiallyLoaded:0 Bounds:IsValid=true, Min=(X=0.000 Y=0.000 Z=1020.000), Max=(X=0.000 Y=0.000 Z=1020.000) RuntimeGrid:None EditorOnly:0 RuntimeOnly:0 HLODRelevant:0 ListedInSceneOutliner:1 IsMainWorldOnly:0 FolderPath:Lighting FolderGuid:963EC3EB4002CCE9759E2EBA541A873A
 |   |   |- [+] [ 54]
 |   |   |   |- Guid:D4FDF4A5485713DC29C0338A6A42C117 BaseClass: NativeClass:/Script/Engine.PostProcessVolume Name:PostProcessVolume_UAID_74563C667264B46602_1424750888 Label:PostProcessVolume SpatiallyLoaded:0 Bounds:IsValid=true, Min=(X=3473.750 Y=2143.750 Z=3.750), Max=(X=4786.250 Y=3456.250 Z=1316.250) RuntimeGrid:None EditorOnly:0 RuntimeOnly:0 HLODRelevant:0 ListedInSceneOutliner:1 IsMainWorldOnly:0
 |   |   |- [+] [ 55]
 |   |   |   |- Guid:D70D2D7E4534BA55D3BEEE9BAC41A785 BaseClass: NativeClass:/Script/Engine.StaticMeshActor Name:StaticMeshActor_UAID_74563C667264D36802_1340606460 Label:SM_Cube18 SpatiallyLoaded:1 Bounds:IsValid=true, Min=(X=3350.000 Y=2430.000 Z=980.000), Max=(X=3450.000 Y=2530.000 Z=1080.000) RuntimeGrid:None EditorOnly:0 RuntimeOnly:0 HLODRelevant:1 ListedInSceneOutliner:1 IsMainWorldOnly:0
 |   |   |- [+] [ 56]
 |   |   |   |- Guid:DC869C0B475CD7E6D8F5EBA369A13D1D BaseClass: NativeClass:/Script/Engine.StaticMeshActor Name:StaticMeshActor_UAID_74563C667264D36802_1351612465 Label:SM_Cube23 SpatiallyLoaded:1 Bounds:IsValid=true, Min=(X=3250.000 Y=1930.000 Z=980.000), Max=(X=3350.000 Y=2030.000 Z=1080.000) RuntimeGrid:None EditorOnly:0 RuntimeOnly:0 HLODRelevant:1 ListedInSceneOutliner:1 IsMainWorldOnly:0
 |   |   |- [+] [ 57]
 |   |   |   |- Guid:DE277105475BC8BBDA57C6A7DE76FDA6 BaseClass: NativeClass:/Script/Engine.StaticMeshActor Name:StaticMeshActor_UAID_74563C667264D36802_1351615468 Label:SM_Cube26 SpatiallyLoaded:1 Bounds:IsValid=true, Min=(X=3350.000 Y=2030.000 Z=980.000), Max=(X=3450.000 Y=2130.000 Z=1080.000) RuntimeGrid:None EditorOnly:0 RuntimeOnly:0 HLODRelevant:1 ListedInSceneOutliner:1 IsMainWorldOnly:0
 |   |   |- [+] [ 58]
 |   |   |   |- Guid:E109ECAB4DBAD842DA6E6BB98A2FE969 BaseClass: NativeClass:/Script/Engine.StaticMeshActor Name:StaticMeshActor_UAID_74563C667264D46802_1523858658 Label:SM_Cube39 SpatiallyLoaded:1 Bounds:IsValid=true, Min=(X=3550.000 Y=3380.000 Z=980.000), Max=(X=3650.000 Y=3480.000 Z=1080.000) RuntimeGrid:None EditorOnly:0 RuntimeOnly:0 HLODRelevant:1 ListedInSceneOutliner:1 IsMainWorldOnly:0
 |   |   |- [+] [ 59]
 |   |   |   |- Guid:E3A7803944F87BD22B7E099454AB041F BaseClass: NativeClass:/Script/Engine.StaticMeshActor Name:StaticMeshActor_UAID_74563C667264D36802_1411483474 Label:SM_Cube31 SpatiallyLoaded:1 Bounds:IsValid=true, Min=(X=3350.000 Y=-140.000 Z=980.000), Max=(X=3450.000 Y=-40.000 Z=1080.000) RuntimeGrid:None EditorOnly:0 RuntimeOnly:0 HLODRelevant:1 ListedInSceneOutliner:1 IsMainWorldOnly:0
 |   |   |- [+] [ 60]
 |   |   |   |- Guid:EB18A7594E3E4A104EB1A7A5183771F6 BaseClass: NativeClass:/Script/Engine.StaticMeshActor Name:StaticMeshActor_UAID_74563C667264D36802_1340598456 Label:SM_Cube14 SpatiallyLoaded:1 Bounds:IsValid=true, Min=(X=3250.000 Y=2430.000 Z=980.000), Max=(X=3350.000 Y=2530.000 Z=1080.000) RuntimeGrid:None EditorOnly:0 RuntimeOnly:0 HLODRelevant:1 ListedInSceneOutliner:1 IsMainWorldOnly:0
 |   |   |- [+] [ 61]
 |   |   |   |- Guid:EC0FBDCE48CF412B347098B0A3364D0F BaseClass: NativeClass:/Script/Engine.StaticMeshActor Name:StaticMeshActor_UAID_74563C667264DA6802_1078747731 Label:SM_Cube53 SpatiallyLoaded:1 Bounds:IsValid=true, Min=(X=4482.000 Y=4232.721 Z=932.000), Max=(X=4622.883 Y=4373.604 Z=1032.000) RuntimeGrid:None EditorOnly:0 RuntimeOnly:0 HLODRelevant:1 ListedInSceneOutliner:1 IsMainWorldOnly:0
 |   |   |- [+] [ 62]
 |   |   |   |- Guid:EC4E0C944CE6AC6E784BC6BB2916EA13 BaseClass: NativeClass:/Script/Engine.StaticMeshActor Name:StaticMeshActor_UAID_A4AE111137DC5EFB00_1110535423 Label:SM_SkySphere SpatiallyLoaded:0 Bounds:IsValid=true, Min=(X=-1638400.000 Y=-1638400.000 Z=-1638400.000), Max=(X=1638400.000 Y=1638400.000 Z=1638400.000) RuntimeGrid:None EditorOnly:0 RuntimeOnly:0 HLODRelevant:1 ListedInSceneOutliner:1 IsMainWorldOnly:0 FolderPath:Lighting FolderGuid:963EC3EB4002CCE9759E2EBA541A873A
 |   |   |- [+] [ 63]
 |   |   |   |- Guid:F128957847CADC2AF68B1982736E606C BaseClass: NativeClass:/Script/Engine.StaticMeshActor Name:StaticMeshActor_UAID_74563C6672643A6802_1107285552 Label:SM_Cube13 SpatiallyLoaded:1 Bounds:IsValid=true, Min=(X=3250.000 Y=6180.000 Z=980.000), Max=(X=3350.000 Y=6280.000 Z=1080.000) RuntimeGrid:None EditorOnly:0 RuntimeOnly:0 HLODRelevant:1 ListedInSceneOutliner:1 IsMainWorldOnly:0
 |   |   |- [+] [ 64]
 |   |   |   |- Guid:F1924B8D48954B30891B2DB6A694F9CC BaseClass: NativeClass:/Script/Engine.StaticMeshActor Name:StaticMeshActor_1 Label:SM_Cube SpatiallyLoaded:1 Bounds:IsValid=true, Min=(X=180.000 Y=0.000 Z=-50.000), Max=(X=8030.000 Y=8350.000 Z=0.000) RuntimeGrid:None EditorOnly:0 RuntimeOnly:0 HLODRelevant:1 ListedInSceneOutliner:1 IsMainWorldOnly:0 FolderPath:Playground FolderGuid:C73F09FC4215536B1DCE2A9E0A830C70
 |   |   |- [+] [ 65]
 |   |   |   |- Guid:F1B012B146C3B2612E764DB3F874D417 BaseClass: NativeClass:/Script/Engine.StaticMeshActor Name:StaticMeshActor_UAID_74563C667264D36802_1340608461 Label:SM_Cube19 SpatiallyLoaded:1 Bounds:IsValid=true, Min=(X=3350.000 Y=2130.000 Z=980.000), Max=(X=3450.000 Y=2230.000 Z=1080.000) RuntimeGrid:None EditorOnly:0 RuntimeOnly:0 HLODRelevant:1 ListedInSceneOutliner:1 IsMainWorldOnly:0
 |   |   |- [+] [ 66]
 |   |   |   |- Guid:F507A8B842E80D8AF7A77CBE7BD3D2DA BaseClass: NativeClass:/Script/Engine.StaticMeshActor Name:StaticMeshActor_UAID_74563C667264D36802_1411485475 Label:SM_Cube32 SpatiallyLoaded:1 Bounds:IsValid=true, Min=(X=3250.000 Y=-40.000 Z=980.000), Max=(X=3350.000 Y=60.000 Z=1080.000) RuntimeGrid:None EditorOnly:0 RuntimeOnly:0 HLODRelevant:1 ListedInSceneOutliner:1 IsMainWorldOnly:0
 |   |   |- [+] [ 67]
 |   |   |   |- Guid:FFEC4BBE48DE0EBC54B0F69D09B80267 BaseClass: NativeClass:/Script/Engine.StaticMeshActor Name:StaticMeshActor_UAID_74563C667264396802_2067596355 Label:SM_Cube5 SpatiallyLoaded:1 Bounds:IsValid=true, Min=(X=3250.000 Y=3180.000 Z=980.000), Max=(X=3350.000 Y=3280.000 Z=1080.000) RuntimeGrid:None EditorOnly:0 RuntimeOnly:0 HLODRelevant:1 ListedInSceneOutliner:1 IsMainWorldOnly:0
 |- ContainerInstances:
 |- [+] MainContainer:
 |   |-        ID: 00000000000000000000000000000000
 |   |-  ParentID: 00000000000000000000000000000000
 |   |-    Bounds: IsValid=false, Min=(X=0.000 Y=0.000 Z=0.000), Max=(X=0.000 Y=0.000 Z=0.000)
 |   |- Transform: 0.000000,0.000000,0.000000|0.000000,0.000000,-0.000000|1.000000,1.000000,1.000000
 |   |- Container: /Game/ThirdPerson/Maps/ThirdPersonMap
----------------------------------------------------------------------------------------------------------------
ThirdPersonMap - Persistent Level
----------------------------------------------------------------------------------------------------------------
[+] Content of ThirdPersonMap Persistent Level
 |- Always loaded Actor Count: 68 
 |- Actor Path: /Game/ThirdPerson/Maps/ThirdPersonMap.ThirdPersonMap:PersistentLevel.BP_SpinningStick_C_UAID_74563C667264B86A02_1647390815
 |- Actor Package: /Game/__ExternalActors__/ThirdPerson/Maps/ThirdPersonMap/B/R2/4KT24Z17JXGYR66USPFNYI
 |- Actor Path: /Game/ThirdPerson/Maps/ThirdPersonMap.ThirdPersonMap:PersistentLevel.DirectionalLight_0
 |- Actor Package: /Game/__ExternalActors__/ThirdPerson/Maps/ThirdPersonMap/5/R1/TS5OQ5CRUWFZYL1ZQ7I416
 |- Actor Path: /Game/ThirdPerson/Maps/ThirdPersonMap.ThirdPersonMap:PersistentLevel.ExponentialHeightFog_0
 |- Actor Package: /Game/__ExternalActors__/ThirdPerson/Maps/ThirdPersonMap/6/J7/N10XDC9G27EMLS5AGZ6AVV
 |- Actor Path: /Game/ThirdPerson/Maps/ThirdPersonMap.ThirdPersonMap:PersistentLevel.PlayerStart_0
 |- Actor Package: /Game/__ExternalActors__/ThirdPerson/Maps/ThirdPersonMap/D/DE/SWSI13675DVYIZ0N4NF7Y3
 |- Actor Path: /Game/ThirdPerson/Maps/ThirdPersonMap.ThirdPersonMap:PersistentLevel.PostProcessVolume_UAID_74563C667264B46602_1424750888
 |- Actor Package: /Game/__ExternalActors__/ThirdPerson/Maps/ThirdPersonMap/7/6E/L8V9Z79RY9LU1JBOCWW3LZ
 |- Actor Path: /Game/ThirdPerson/Maps/ThirdPersonMap.ThirdPersonMap:PersistentLevel.SkyAtmosphere_0
 |- Actor Package: /Game/__ExternalActors__/ThirdPerson/Maps/ThirdPersonMap/4/LN/30UBDLYFFA5ZR7U4W4L4GG
 |- Actor Path: /Game/ThirdPerson/Maps/ThirdPersonMap.ThirdPersonMap:PersistentLevel.SkyLight_1
 |- Actor Package: /Game/__ExternalActors__/ThirdPerson/Maps/ThirdPersonMap/8/S1/DXUWD12MD3HRWVVXX076BY
 |- Actor Path: /Game/ThirdPerson/Maps/ThirdPersonMap.ThirdPersonMap:PersistentLevel.StaticMeshActor_1
 |- Actor Package: /Game/__ExternalActors__/ThirdPerson/Maps/ThirdPersonMap/6/YO/NG2R9BPZVA7ZDN0Z4VSTG6
 |- Actor Path: /Game/ThirdPerson/Maps/ThirdPersonMap.ThirdPersonMap:PersistentLevel.StaticMeshActor_UAID_74563C667264176602_1155157262
 |- Actor Package: /Game/__ExternalActors__/ThirdPerson/Maps/ThirdPersonMap/3/MO/N7IH8R6ZUYF3CE3VYRS4D5
 |- Actor Path: /Game/ThirdPerson/Maps/ThirdPersonMap.ThirdPersonMap:PersistentLevel.StaticMeshActor_UAID_74563C667264176602_1258335264
 |- Actor Package: /Game/__ExternalActors__/ThirdPerson/Maps/ThirdPersonMap/8/VW/B1WPD0IBKWYKXP4W1SH0I1
 |- Actor Path: /Game/ThirdPerson/Maps/ThirdPersonMap.ThirdPersonMap:PersistentLevel.StaticMeshActor_UAID_74563C667264176602_1287688265
 |- Actor Package: /Game/__ExternalActors__/ThirdPerson/Maps/ThirdPersonMap/C/Y9/UJS82BNCDXA2Q4EFOQO575
 |- Actor Path: /Game/ThirdPerson/Maps/ThirdPersonMap.ThirdPersonMap:PersistentLevel.StaticMeshActor_UAID_74563C667264176602_1300672266
 |- Actor Package: /Game/__ExternalActors__/ThirdPerson/Maps/ThirdPersonMap/B/BH/X1MH2LH5LEEXEK49D6MC7J
 |- Actor Path: /Game/ThirdPerson/Maps/ThirdPersonMap.ThirdPersonMap:PersistentLevel.StaticMeshActor_UAID_74563C667264176602_1300675267
 |- Actor Package: /Game/__ExternalActors__/ThirdPerson/Maps/ThirdPersonMap/8/40/H1SRN6HXJX4RCCG6MTVHMQ
 |- Actor Path: /Game/ThirdPerson/Maps/ThirdPersonMap.ThirdPersonMap:PersistentLevel.StaticMeshActor_UAID_74563C667264396802_1986983352
 |- Actor Package: /Game/__ExternalActors__/ThirdPerson/Maps/ThirdPersonMap/A/BK/8S17XIMJ2GRU292GE76ZVE
 |- Actor Path: /Game/ThirdPerson/Maps/ThirdPersonMap.ThirdPersonMap:PersistentLevel.StaticMeshActor_UAID_74563C667264396802_2058249353
 |- Actor Package: /Game/__ExternalActors__/ThirdPerson/Maps/ThirdPersonMap/7/LR/MD4E9K5U930UR00MPJ28YY
 |- Actor Path: /Game/ThirdPerson/Maps/ThirdPersonMap.ThirdPersonMap:PersistentLevel.StaticMeshActor_UAID_74563C667264396802_2067594354
 |- Actor Package: /Game/__ExternalActors__/ThirdPerson/Maps/ThirdPersonMap/C/NT/VJHYDIDC9W5HGGT1CKZF26
 |- Actor Path: /Game/ThirdPerson/Maps/ThirdPersonMap.ThirdPersonMap:PersistentLevel.StaticMeshActor_UAID_74563C667264396802_2067596355
 |- Actor Package: /Game/__ExternalActors__/ThirdPerson/Maps/ThirdPersonMap/B/MT/P11TQ6M277Y6N3YZM074N4
 |- Actor Path: /Game/ThirdPerson/Maps/ThirdPersonMap.ThirdPersonMap:PersistentLevel.StaticMeshActor_UAID_74563C667264396802_2070666356
 |- Actor Package: /Game/__ExternalActors__/ThirdPerson/Maps/ThirdPersonMap/7/RW/NI6MX0G8KECLSXUXIT0KDC
 |- Actor Path: /Game/ThirdPerson/Maps/ThirdPersonMap.ThirdPersonMap:PersistentLevel.StaticMeshActor_UAID_74563C667264396802_2070669357
 |- Actor Package: /Game/__ExternalActors__/ThirdPerson/Maps/ThirdPersonMap/3/B6/QI0VF4G8KS65987591FP4K
 |- Actor Path: /Game/ThirdPerson/Maps/ThirdPersonMap.ThirdPersonMap:PersistentLevel.StaticMeshActor_UAID_74563C667264396802_2074162358
 |- Actor Package: /Game/__ExternalActors__/ThirdPerson/Maps/ThirdPersonMap/9/JT/45HZRQ80BOGKVVQCPIF3R2
 |- Actor Path: /Game/ThirdPerson/Maps/ThirdPersonMap.ThirdPersonMap:PersistentLevel.StaticMeshActor_UAID_74563C667264396802_2074165359
 |- Actor Package: /Game/__ExternalActors__/ThirdPerson/Maps/ThirdPersonMap/1/V2/LEK7NCFAWEKIJDAXGQQ57V
 |- Actor Path: /Game/ThirdPerson/Maps/ThirdPersonMap.ThirdPersonMap:PersistentLevel.StaticMeshActor_UAID_74563C6672643A6802_1107280549
 |- Actor Package: /Game/__ExternalActors__/ThirdPerson/Maps/ThirdPersonMap/5/8Y/8WHOYKDF5U3DJ5TPUMRO8H
 |- Actor Path: /Game/ThirdPerson/Maps/ThirdPersonMap.ThirdPersonMap:PersistentLevel.StaticMeshActor_UAID_74563C6672643A6802_1107283550
 |- Actor Package: /Game/__ExternalActors__/ThirdPerson/Maps/ThirdPersonMap/1/IH/CP0YO4ZMBUFIGVQTXJB4PT
 |- Actor Path: /Game/ThirdPerson/Maps/ThirdPersonMap.ThirdPersonMap:PersistentLevel.StaticMeshActor_UAID_74563C6672643A6802_1107284551
 |- Actor Package: /Game/__ExternalActors__/ThirdPerson/Maps/ThirdPersonMap/9/5T/WDE54TC5TLGJIOJGG3H1XN
 |- Actor Path: /Game/ThirdPerson/Maps/ThirdPersonMap.ThirdPersonMap:PersistentLevel.StaticMeshActor_UAID_74563C6672643A6802_1107285552
 |- Actor Package: /Game/__ExternalActors__/ThirdPerson/Maps/ThirdPersonMap/D/LN/88OBT6C2MHZTP509IQVHI1
 |- Actor Path: /Game/ThirdPerson/Maps/ThirdPersonMap.ThirdPersonMap:PersistentLevel.StaticMeshActor_UAID_74563C667264D36802_1340598456
 |- Actor Package: /Game/__ExternalActors__/ThirdPerson/Maps/ThirdPersonMap/7/33/HIDQM3FC93YR2VZ8BB9RBA
 |- Actor Path: /Game/ThirdPerson/Maps/ThirdPersonMap.ThirdPersonMap:PersistentLevel.StaticMeshActor_UAID_74563C667264D36802_1340603457
 |- Actor Package: /Game/__ExternalActors__/ThirdPerson/Maps/ThirdPersonMap/C/WH/SKQD546WUG704HI6201PHJ
 |- Actor Path: /Game/ThirdPerson/Maps/ThirdPersonMap.ThirdPersonMap:PersistentLevel.StaticMeshActor_UAID_74563C667264D36802_1340604458
 |- Actor Package: /Game/__ExternalActors__/ThirdPerson/Maps/ThirdPersonMap/6/ED/55GR9W2IBA5MCWHI4KWXEW
 |- Actor Path: /Game/ThirdPerson/Maps/ThirdPersonMap.ThirdPersonMap:PersistentLevel.StaticMeshActor_UAID_74563C667264D36802_1340605459
 |- Actor Package: /Game/__ExternalActors__/ThirdPerson/Maps/ThirdPersonMap/C/3P/UFCRV1Y0I5I2OZ0EF9DBTS
 |- Actor Path: /Game/ThirdPerson/Maps/ThirdPersonMap.ThirdPersonMap:PersistentLevel.StaticMeshActor_UAID_74563C667264D36802_1340606460
 |- Actor Package: /Game/__ExternalActors__/ThirdPerson/Maps/ThirdPersonMap/4/CC/2K3CQGWTHRYNQ4L96Z8UB0
 |- Actor Path: /Game/ThirdPerson/Maps/ThirdPersonMap.ThirdPersonMap:PersistentLevel.StaticMeshActor_UAID_74563C667264D36802_1340608461
 |- Actor Package: /Game/__ExternalActors__/ThirdPerson/Maps/ThirdPersonMap/C/MV/Q2X4L01YEZ0P9RI49F7B14
 |- Actor Path: /Game/ThirdPerson/Maps/ThirdPersonMap.ThirdPersonMap:PersistentLevel.StaticMeshActor_UAID_74563C667264D36802_1340609462
 |- Actor Package: /Game/__ExternalActors__/ThirdPerson/Maps/ThirdPersonMap/6/WD/G7RCQ1JWKTO6CS8394TR0K
 |- Actor Path: /Game/ThirdPerson/Maps/ThirdPersonMap.ThirdPersonMap:PersistentLevel.StaticMeshActor_UAID_74563C667264D36802_1340610463
 |- Actor Package: /Game/__ExternalActors__/ThirdPerson/Maps/ThirdPersonMap/D/TM/PJI3CLJD17X7A6LR9LF6VE
 |- Actor Path: /Game/ThirdPerson/Maps/ThirdPersonMap.ThirdPersonMap:PersistentLevel.StaticMeshActor_UAID_74563C667264D36802_1351610464
 |- Actor Package: /Game/__ExternalActors__/ThirdPerson/Maps/ThirdPersonMap/C/Q8/A8C08TFIU3YEH4ER0PXO3Y
 |- Actor Path: /Game/ThirdPerson/Maps/ThirdPersonMap.ThirdPersonMap:PersistentLevel.StaticMeshActor_UAID_74563C667264D36802_1351612465
 |- Actor Package: /Game/__ExternalActors__/ThirdPerson/Maps/ThirdPersonMap/3/V0/HC613CC9O12LZB6PHDAXMB
 |- Actor Path: /Game/ThirdPerson/Maps/ThirdPersonMap.ThirdPersonMap:PersistentLevel.StaticMeshActor_UAID_74563C667264D36802_1351613466
 |- Actor Package: /Game/__ExternalActors__/ThirdPerson/Maps/ThirdPersonMap/0/20/T788ZHBI6PR6D1JU4PSLO7
 |- Actor Path: /Game/ThirdPerson/Maps/ThirdPersonMap.ThirdPersonMap:PersistentLevel.StaticMeshActor_UAID_74563C667264D36802_1351614467
 |- Actor Package: /Game/__ExternalActors__/ThirdPerson/Maps/ThirdPersonMap/2/E0/K2XHPE6YOK90BCHRPN11ES
 |- Actor Path: /Game/ThirdPerson/Maps/ThirdPersonMap.ThirdPersonMap:PersistentLevel.StaticMeshActor_UAID_74563C667264D36802_1351615468
 |- Actor Package: /Game/__ExternalActors__/ThirdPerson/Maps/ThirdPersonMap/3/2S/NGAY6694VEA45NDZO12H9X
 |- Actor Path: /Game/ThirdPerson/Maps/ThirdPersonMap.ThirdPersonMap:PersistentLevel.StaticMeshActor_UAID_74563C667264D36802_1351616469
 |- Actor Package: /Game/__ExternalActors__/ThirdPerson/Maps/ThirdPersonMap/3/7B/TTDUZ6R08ZE2VUFSOHLRUC
 |- Actor Path: /Game/ThirdPerson/Maps/ThirdPersonMap.ThirdPersonMap:PersistentLevel.StaticMeshActor_UAID_74563C667264D36802_1351617470
 |- Actor Package: /Game/__ExternalActors__/ThirdPerson/Maps/ThirdPersonMap/0/VW/KUNDUWXBYI158Z4GIQFH2E
 |- Actor Path: /Game/ThirdPerson/Maps/ThirdPersonMap.ThirdPersonMap:PersistentLevel.StaticMeshActor_UAID_74563C667264D36802_1351618471
 |- Actor Package: /Game/__ExternalActors__/ThirdPerson/Maps/ThirdPersonMap/1/41/MMH4EO8YHOXB3UU9V1NZCR
 |- Actor Path: /Game/ThirdPerson/Maps/ThirdPersonMap.ThirdPersonMap:PersistentLevel.StaticMeshActor_UAID_74563C667264D36802_1411481473
 |- Actor Package: /Game/__ExternalActors__/ThirdPerson/Maps/ThirdPersonMap/7/J5/4GNHRGOSDPJIFCX7QPEGHO
 |- Actor Path: /Game/ThirdPerson/Maps/ThirdPersonMap.ThirdPersonMap:PersistentLevel.StaticMeshActor_UAID_74563C667264D36802_1411483474
 |- Actor Package: /Game/__ExternalActors__/ThirdPerson/Maps/ThirdPersonMap/3/94/05KGV6E2FIXK7HI1YZ27Q0
 |- Actor Path: /Game/ThirdPerson/Maps/ThirdPersonMap.ThirdPersonMap:PersistentLevel.StaticMeshActor_UAID_74563C667264D36802_1411485475
 |- Actor Package: /Game/__ExternalActors__/ThirdPerson/Maps/ThirdPersonMap/6/OA/7HL5PWDS4VFT9UPW146SKN
 |- Actor Path: /Game/ThirdPerson/Maps/ThirdPersonMap.ThirdPersonMap:PersistentLevel.StaticMeshActor_UAID_74563C667264D36802_1411486476
 |- Actor Package: /Game/__ExternalActors__/ThirdPerson/Maps/ThirdPersonMap/E/EW/HOO0RXRK2SM4IR0TPGTMS0
 |- Actor Path: /Game/ThirdPerson/Maps/ThirdPersonMap.ThirdPersonMap:PersistentLevel.StaticMeshActor_UAID_74563C667264D46802_1519501653
 |- Actor Package: /Game/__ExternalActors__/ThirdPerson/Maps/ThirdPersonMap/2/WY/GZ5QRMQ8VYOBXZ88OJMTJG
 |- Actor Path: /Game/ThirdPerson/Maps/ThirdPersonMap.ThirdPersonMap:PersistentLevel.StaticMeshActor_UAID_74563C667264D46802_1519505654
 |- Actor Package: /Game/__ExternalActors__/ThirdPerson/Maps/ThirdPersonMap/3/W9/GY6NHPPUWNYVQ7I94WGEAT
 |- Actor Path: /Game/ThirdPerson/Maps/ThirdPersonMap.ThirdPersonMap:PersistentLevel.StaticMeshActor_UAID_74563C667264D46802_1519507655
 |- Actor Package: /Game/__ExternalActors__/ThirdPerson/Maps/ThirdPersonMap/F/38/YGFAJ4CUSJEKGA7MQYM6RC
 |- Actor Path: /Game/ThirdPerson/Maps/ThirdPersonMap.ThirdPersonMap:PersistentLevel.StaticMeshActor_UAID_74563C667264D46802_1519508656
 |- Actor Package: /Game/__ExternalActors__/ThirdPerson/Maps/ThirdPersonMap/E/JM/BL1DXF0FJ8IZE306XK3HHJ
 |- Actor Path: /Game/ThirdPerson/Maps/ThirdPersonMap.ThirdPersonMap:PersistentLevel.StaticMeshActor_UAID_74563C667264D46802_1523856657
 |- Actor Package: /Game/__ExternalActors__/ThirdPerson/Maps/ThirdPersonMap/1/JZ/54G1DQIKPCQI47OO6EB2ZY
 |- Actor Path: /Game/ThirdPerson/Maps/ThirdPersonMap.ThirdPersonMap:PersistentLevel.StaticMeshActor_UAID_74563C667264D46802_1523858658
 |- Actor Package: /Game/__ExternalActors__/ThirdPerson/Maps/ThirdPersonMap/9/NO/FQZIFHGD7RLBTKLIFDI18A
 |- Actor Path: /Game/ThirdPerson/Maps/ThirdPersonMap.ThirdPersonMap:PersistentLevel.StaticMeshActor_UAID_74563C667264D46802_1523860659
 |- Actor Package: /Game/__ExternalActors__/ThirdPerson/Maps/ThirdPersonMap/B/Z6/7271SXKVWWDJ6Z9RAYGMS3
 |- Actor Path: /Game/ThirdPerson/Maps/ThirdPersonMap.ThirdPersonMap:PersistentLevel.StaticMeshActor_UAID_74563C667264D46802_1523861660
 |- Actor Package: /Game/__ExternalActors__/ThirdPerson/Maps/ThirdPersonMap/8/UW/QE8LRFRTNKHWI5HTS0LGMX
 |- Actor Path: /Game/ThirdPerson/Maps/ThirdPersonMap.ThirdPersonMap:PersistentLevel.StaticMeshActor_UAID_74563C667264D46802_1528449661
 |- Actor Package: /Game/__ExternalActors__/ThirdPerson/Maps/ThirdPersonMap/C/OK/TFWXOG2VKASKWLUAAW1FDK
 |- Actor Path: /Game/ThirdPerson/Maps/ThirdPersonMap.ThirdPersonMap:PersistentLevel.StaticMeshActor_UAID_74563C667264D46802_1528451662
 |- Actor Package: /Game/__ExternalActors__/ThirdPerson/Maps/ThirdPersonMap/D/KH/768VQYH61YYJCC5HDK2I98
 |- Actor Path: /Game/ThirdPerson/Maps/ThirdPersonMap.ThirdPersonMap:PersistentLevel.StaticMeshActor_UAID_74563C667264D46802_1528453663
 |- Actor Package: /Game/__ExternalActors__/ThirdPerson/Maps/ThirdPersonMap/B/Q4/5K86D3RXTQIAI9ZWAHGOES
 |- Actor Path: /Game/ThirdPerson/Maps/ThirdPersonMap.ThirdPersonMap:PersistentLevel.StaticMeshActor_UAID_74563C667264D46802_1528454664
 |- Actor Package: /Game/__ExternalActors__/ThirdPerson/Maps/ThirdPersonMap/E/M5/74JME6S63OYQT633YAXDYC
 |- Actor Path: /Game/ThirdPerson/Maps/ThirdPersonMap.ThirdPersonMap:PersistentLevel.StaticMeshActor_UAID_74563C667264D86802_1202009370
 |- Actor Package: /Game/__ExternalActors__/ThirdPerson/Maps/ThirdPersonMap/9/YN/7IFILKI3SPBF47GA4X9PYI
 |- Actor Path: /Game/ThirdPerson/Maps/ThirdPersonMap.ThirdPersonMap:PersistentLevel.StaticMeshActor_UAID_74563C667264D86802_1202011371
 |- Actor Package: /Game/__ExternalActors__/ThirdPerson/Maps/ThirdPersonMap/1/PB/2IHDPCNYKNAJ8X0JEK00UZ
 |- Actor Path: /Game/ThirdPerson/Maps/ThirdPersonMap.ThirdPersonMap:PersistentLevel.StaticMeshActor_UAID_74563C667264D86802_1202012372
 |- Actor Package: /Game/__ExternalActors__/ThirdPerson/Maps/ThirdPersonMap/8/0G/XPFSV3B637RPFXYSMXFPLS
 |- Actor Path: /Game/ThirdPerson/Maps/ThirdPersonMap.ThirdPersonMap:PersistentLevel.StaticMeshActor_UAID_74563C667264D86802_1202013373
 |- Actor Package: /Game/__ExternalActors__/ThirdPerson/Maps/ThirdPersonMap/2/AK/AP7WLQ0UZRRJK2YXL4BNYM
 |- Actor Path: /Game/ThirdPerson/Maps/ThirdPersonMap.ThirdPersonMap:PersistentLevel.StaticMeshActor_UAID_74563C667264DA6802_1078743728
 |- Actor Package: /Game/__ExternalActors__/ThirdPerson/Maps/ThirdPersonMap/E/EY/8D6DRJI78Y3TFY6J0C0Y7Y
 |- Actor Path: /Game/ThirdPerson/Maps/ThirdPersonMap.ThirdPersonMap:PersistentLevel.StaticMeshActor_UAID_74563C667264DA6802_1078745729
 |- Actor Package: /Game/__ExternalActors__/ThirdPerson/Maps/ThirdPersonMap/E/ZH/5FSVW1JJ6357LDE3HRFVFQ
 |- Actor Path: /Game/ThirdPerson/Maps/ThirdPersonMap.ThirdPersonMap:PersistentLevel.StaticMeshActor_UAID_74563C667264DA6802_1078746730
 |- Actor Package: /Game/__ExternalActors__/ThirdPerson/Maps/ThirdPersonMap/4/4B/2VQM00FJG9GCW9E66FC2F7
 |- Actor Path: /Game/ThirdPerson/Maps/ThirdPersonMap.ThirdPersonMap:PersistentLevel.StaticMeshActor_UAID_74563C667264DA6802_1078747731
 |- Actor Package: /Game/__ExternalActors__/ThirdPerson/Maps/ThirdPersonMap/B/SG/CQ67HX1PL2NOHWPTGEDX9M
 |- Actor Path: /Game/ThirdPerson/Maps/ThirdPersonMap.ThirdPersonMap:PersistentLevel.StaticMeshActor_UAID_A4AE111137DC5EFB00_1110535423
 |- Actor Package: /Game/__ExternalActors__/ThirdPerson/Maps/ThirdPersonMap/4/PN/2QISIGK5DJNQ05US8O8FXW
 |- Actor Path: /Game/ThirdPerson/Maps/ThirdPersonMap.ThirdPersonMap:PersistentLevel.VolumetricCloud_0
 |- Actor Package: /Game/__ExternalActors__/ThirdPerson/Maps/ThirdPersonMap/3/EY/87SHEJN5UBEAN2K5OV1G6R
 |- Actor Path: /Game/ThirdPerson/Maps/ThirdPersonMap.ThirdPersonMap:PersistentLevel.WorldDataLayers
 |- Actor Package: /Game/__ExternalActors__/ThirdPerson/Maps/ThirdPersonMap/0/43/HYQWORMY4JDQ5X3OKZXFLC

----------------------------------------------------------------------------------------------------------------
ThirdPersonMap - Runtime Hash Set
----------------------------------------------------------------------------------------------------------------

