[+] Containers:
 |- [+] Container: /Game/ThirdPerson/Maps/ThirdPersonMap
 |   |- [+] ActorDescs:
 |   |   |- Guid:1D5EE4EF4B07FBB6660DB3ACA6D5478B BaseClass: NativeClass:/Script/Engine.StaticMeshActor Name:StaticMeshActor_UAID_74563C667264396802_2070666356 Label:SM_Cube6 SpatiallyLoaded:1 Bounds:IsValid=true, Min=(X=3350.000 Y=3280.000 Z=980.000), Max=(X=3450.000 Y=3380.000 Z=1080.000) RuntimeGrid:None EditorOnly:0 RuntimeOnly:0 HLODRelevant:1 ListedInSceneOutliner:1 IsMainWorldOnly:0
 |   |   |- Guid:2FB58999456391D349DC0F86DAC136ED BaseClass: NativeClass:/Script/Engine.SkyLight Name:SkyLight_1 Label:SkyLight SpatiallyLoaded:0 Bounds:IsValid=true, Min=(X=0.000 Y=0.000 Z=690.000), Max=(X=0.000 Y=0.000 Z=690.000) RuntimeGrid:None EditorOnly:0 RuntimeOnly:0 HLODRelevant:0 ListedInSceneOutliner:1 IsMainWorldOnly:0 FolderPath:Lighting FolderGuid:963EC3EB4002CCE9759E2EBA541A873A
 |   |   |- Guid:316CF2A6494ACA4C0E4180A87D36AB8F BaseClass: NativeClass:/Script/Engine.ExponentialHeightFog Name:ExponentialHeightFog_0 Label:ExponentialHeightFog SpatiallyLoaded:0 Bounds:IsValid=true, Min=(X=-5600.000 Y=-50.000 Z=-6850.000), Max=(X=-5600.000 Y=-50.000 Z=-6850.000) RuntimeGrid:None EditorOnly:0 RuntimeOnly:0 HLODRelevant:0 ListedInSceneOutliner:1 IsMainWorldOnly:0 FolderPath:Lighting FolderGuid:963EC3EB4002CCE9759E2EBA541A873A
 |   |   |- Guid:34EE35E24334B5CF928111875D7B27E1 BaseClass: NativeClass:/Script/Engine.StaticMeshActor Name:StaticMeshActor_UAID_74563C667264396802_1986983352 Label:SM_Cube2 SpatiallyLoaded:1 Bounds:IsValid=true, Min=(X=3350.000 Y=3080.000 Z=980.000), Max=(X=3450.000 Y=3180.000 Z=1080.000) RuntimeGrid:None EditorOnly:0 RuntimeOnly:0 HLODRelevant:1 ListedInSceneOutliner:1 IsMainWorldOnly:0
 |   |   |- Guid:3A00AA1C422CE54C0BDB60BAF471BFBB BaseClass: NativeClass:/Script/Engine.PlayerStart Name:PlayerStart_0 Label:PlayerStart SpatiallyLoaded:0 Bounds:IsValid=true, Min=(X=3080.000 Y=2760.000 Z=910.063), Max=(X=3160.000 Y=2840.000 Z=1094.063) RuntimeGrid:None EditorOnly:0 RuntimeOnly:0 HLODRelevant:0 ListedInSceneOutliner:1 IsMainWorldOnly:0
 |   |   |- Guid:3F7C6B19476E38658E4A3C8F6DA164FF BaseClass:/Game/Blueprints/Obstacle/TimeTester.TimeTester_C NativeClass:/Script/Engine.Actor Name:TimeTester_C_UAID_74563C667264036602_1304263740 Label:TimeTester6 SpatiallyLoaded:1 Bounds:IsValid=true, Min=(X=1270.000 Y=1029.608 Z=624.000), Max=(X=1291.253 Y=1150.392 Z=809.205) RuntimeGrid:None EditorOnly:0 RuntimeOnly:0 HLODRelevant:0 ListedInSceneOutliner:1 IsMainWorldOnly:0
 |   |   |- Guid:44FF15854D3DC30EA4B71E9BF5F19C25 BaseClass: NativeClass:/Script/Engine.StaticMeshActor Name:StaticMeshActor_UAID_74563C667264396802_2074162358 Label:SM_Cube8 SpatiallyLoaded:1 Bounds:IsValid=true, Min=(X=3350.000 Y=3380.000 Z=980.000), Max=(X=3450.000 Y=3480.000 Z=1080.000) RuntimeGrid:None EditorOnly:0 RuntimeOnly:0 HLODRelevant:1 ListedInSceneOutliner:1 IsMainWorldOnly:0
 |   |   |- Guid:4A1E96FA418E0CC52A17619CF9AEE140 BaseClass:/Game/Blueprints/Obstacle/SwingingBlade/BP_SwingingBlades.BP_SwingingBlades_C NativeClass:/Script/Engine.Actor Name:BP_SwingingBlades_C_UAID_74563C667264906802_1749428664 Label:BP_SwingingBlades SpatiallyLoaded:1 Bounds:IsValid=true, Min=(X=3252.653 Y=4995.000 Z=1095.709), Max=(X=3355.858 Y=5045.000 Z=1545.000) RuntimeGrid:None EditorOnly:0 RuntimeOnly:0 HLODRelevant:0 ListedInSceneOutliner:1 IsMainWorldOnly:0
 |   |   |- Guid:4D3BE93F4146AAAC8BBE79999D96D57F BaseClass: NativeClass:/Script/Engine.VolumetricCloud Name:VolumetricCloud_0 Label:VolumetricCloud SpatiallyLoaded:0 Bounds:IsValid=true, Min=(X=0.000 Y=0.000 Z=820.000), Max=(X=0.000 Y=0.000 Z=820.000) RuntimeGrid:None EditorOnly:0 RuntimeOnly:0 HLODRelevant:0 ListedInSceneOutliner:1 IsMainWorldOnly:0 FolderPath:Lighting FolderGuid:963EC3EB4002CCE9759E2EBA541A873A
 |   |   |- Guid:5BD6B4F548DE1B1641939C861B717C7F BaseClass: NativeClass:/Script/Engine.StaticMeshActor Name:StaticMeshActor_UAID_74563C667264176602_1300672266 Label:SM_Cylinder3 SpatiallyLoaded:1 Bounds:IsValid=true, Min=(X=3510.000 Y=2510.000 Z=0.063), Max=(X=3610.000 Y=2610.000 Z=918.813) RuntimeGrid:None EditorOnly:0 RuntimeOnly:0 HLODRelevant:1 ListedInSceneOutliner:1 IsMainWorldOnly:0
 |   |   |- Guid:6BAF4DDD444C60371492D3919DB42C97 BaseClass: NativeClass:/Script/Engine.WorldDataLayers Name:WorldDataLayers Label:WorldDataLayers SpatiallyLoaded:0 Bounds:IsValid=true, Min=(X=0.000 Y=0.000 Z=0.000), Max=(X=0.000 Y=0.000 Z=0.000) RuntimeGrid:None EditorOnly:0 RuntimeOnly:0 HLODRelevant:0 ListedInSceneOutliner:1 IsMainWorldOnly:1
 |   |   |- Guid:705769AF4D5CECD7E38BF4907715934C BaseClass: NativeClass:/Script/Engine.StaticMeshActor Name:StaticMeshActor_UAID_74563C667264176602_1300675267 Label:SM_Cylinder4 SpatiallyLoaded:1 Bounds:IsValid=true, Min=(X=3510.000 Y=2970.000 Z=0.063), Max=(X=3610.000 Y=3070.000 Z=918.813) RuntimeGrid:None EditorOnly:0 RuntimeOnly:0 HLODRelevant:1 ListedInSceneOutliner:1 IsMainWorldOnly:0
 |   |   |- Guid:76301D7D4392FF3BFD7A758179E178B7 BaseClass: NativeClass:/Script/Engine.StaticMeshActor Name:StaticMeshActor_UAID_74563C667264396802_2058249353 Label:SM_Cube3 SpatiallyLoaded:1 Bounds:IsValid=true, Min=(X=3250.000 Y=3080.000 Z=980.000), Max=(X=3350.000 Y=3180.000 Z=1080.000) RuntimeGrid:None EditorOnly:0 RuntimeOnly:0 HLODRelevant:1 ListedInSceneOutliner:1 IsMainWorldOnly:0
 |   |   |- Guid:7F48B6C24866FECBBCED52AE5C10297B BaseClass: NativeClass:/Script/Engine.StaticMeshActor Name:StaticMeshActor_UAID_74563C667264176602_1287688265 Label:SM_Cylinder2 SpatiallyLoaded:1 Bounds:IsValid=true, Min=(X=5080.000 Y=2970.000 Z=0.063), Max=(X=5180.000 Y=3070.000 Z=918.813) RuntimeGrid:None EditorOnly:0 RuntimeOnly:0 HLODRelevant:1 ListedInSceneOutliner:1 IsMainWorldOnly:0
 |   |   |- Guid:80ECCCC84453256572ECC4A5A470A7D1 BaseClass: NativeClass:/Script/Engine.StaticMeshActor Name:StaticMeshActor_UAID_74563C667264176602_1155157262 Label:SM_Ramp SpatiallyLoaded:1 Bounds:IsValid=true, Min=(X=1350.000 Y=2530.000 Z=0.063), Max=(X=3450.000 Y=3080.000 Z=1075.063) RuntimeGrid:None EditorOnly:0 RuntimeOnly:0 HLODRelevant:1 ListedInSceneOutliner:1 IsMainWorldOnly:0
 |   |   |- Guid:8FF3A3CF4C4DB4D38699768E585DD365 BaseClass:/Game/Blueprints/Obstacle/TemporalFloor/TempFloor.TempFloor_C NativeClass:/Script/Engine.Actor Name:TempFloor_C_UAID_74563C667264396802_2092050360 Label:TempFloor SpatiallyLoaded:1 Bounds:IsValid=true, Min=(X=3250.000 Y=3473.750 Z=980.000), Max=(X=3350.000 Y=5886.250 Z=1080.000) RuntimeGrid:None EditorOnly:0 RuntimeOnly:0 HLODRelevant:0 ListedInSceneOutliner:1 IsMainWorldOnly:0
 |   |   |- Guid:9C7F81734E4A70A9C62D6BB270406C57 BaseClass:/Game/Blueprints/Obstacle/TimeTester.TimeTester_C NativeClass:/Script/Engine.Actor Name:TimeTester_C_UAID_74563C667264036602_1281618736 Label:TimeTester2 SpatiallyLoaded:1 Bounds:IsValid=true, Min=(X=1270.000 Y=844.000 Z=119.608), Max=(X=1291.253 Y=1029.205 Z=240.392) RuntimeGrid:None EditorOnly:0 RuntimeOnly:0 HLODRelevant:0 ListedInSceneOutliner:1 IsMainWorldOnly:0
 |   |   |- Guid:9EE65A124E548A3CD2A6BCB7B2D2BB27 BaseClass: NativeClass:/Script/Engine.StaticMeshActor Name:StaticMeshActor_UAID_74563C6672643A6802_1107283550 Label:SM_Cube11 SpatiallyLoaded:1 Bounds:IsValid=true, Min=(X=3250.000 Y=5980.000 Z=980.000), Max=(X=3350.000 Y=6080.000 Z=1080.000) RuntimeGrid:None EditorOnly:0 RuntimeOnly:0 HLODRelevant:1 ListedInSceneOutliner:1 IsMainWorldOnly:0
 |   |   |- Guid:9F78A6E143A60707D7DCCB85AE217984 BaseClass:/Game/Blueprints/Obstacle/ExplodingBridge/BP_ExplodingBridge.BP_ExplodingBridge_C NativeClass:/Script/Engine.Actor Name:BP_ExplodingBridge_C_UAID_74563C667264156602_1997584906 Label:BP_ExplodingBridge SpatiallyLoaded:1 Bounds:IsValid=true, Min=(X=3513.750 Y=2522.023 Z=920.000), Max=(X=5186.250 Y=3077.977 Z=1334.616) RuntimeGrid:None EditorOnly:0 RuntimeOnly:0 HLODRelevant:0 ListedInSceneOutliner:1 IsMainWorldOnly:0
 |   |   |- Guid:A7479DFA49B3317848E920A3CA30673E BaseClass:/Game/Blueprints/Obstacle/TimeTester.TimeTester_C NativeClass:/Script/Engine.Actor Name:TimeTester_C_UAID_74563C667264006602_1666155207 Label:TimeTester SpatiallyLoaded:1 Bounds:IsValid=true, Min=(X=1270.000 Y=1130.807 Z=222.287), Max=(X=1291.253 Y=1277.750 Z=390.922) RuntimeGrid:None EditorOnly:0 RuntimeOnly:0 HLODRelevant:0 ListedInSceneOutliner:1 IsMainWorldOnly:0
 |   |   |- Guid:B3C9B64B4AF7B4268E05F084A24E9C83 BaseClass: NativeClass:/Script/Engine.StaticMeshActor Name:StaticMeshActor_UAID_74563C667264396802_2070669357 Label:SM_Cube7 SpatiallyLoaded:1 Bounds:IsValid=true, Min=(X=3250.000 Y=3280.000 Z=980.000), Max=(X=3350.000 Y=3380.000 Z=1080.000) RuntimeGrid:None EditorOnly:0 RuntimeOnly:0 HLODRelevant:1 ListedInSceneOutliner:1 IsMainWorldOnly:0
 |   |   |- Guid:B5F795694FD0DA90A30AB0A79A255378 BaseClass: NativeClass:/Script/Engine.StaticMeshActor Name:StaticMeshActor_UAID_74563C667264176602_1258335264 Label:SM_Cylinder SpatiallyLoaded:1 Bounds:IsValid=true, Min=(X=5080.000 Y=2510.000 Z=0.063), Max=(X=5180.000 Y=2610.000 Z=918.813) RuntimeGrid:None EditorOnly:0 RuntimeOnly:0 HLODRelevant:1 ListedInSceneOutliner:1 IsMainWorldOnly:0
 |   |   |- Guid:B785ED2844B84CFB91E7F39FE661CD99 BaseClass: NativeClass:/Script/Engine.DirectionalLight Name:DirectionalLight_0 Label:DirectionalLight SpatiallyLoaded:0 Bounds:IsValid=true, Min=(X=-1048576.000 Y=-1048576.000 Z=-1048576.000), Max=(X=1048576.000 Y=1048576.000 Z=1048576.000) RuntimeGrid:None EditorOnly:0 RuntimeOnly:0 HLODRelevant:0 ListedInSceneOutliner:1 IsMainWorldOnly:0 FolderPath:Lighting FolderGuid:963EC3EB4002CCE9759E2EBA541A873A
 |   |   |- Guid:BA033FEE4F1E713373516C9608F02C3A BaseClass: NativeClass:/Script/Engine.StaticMeshActor Name:StaticMeshActor_UAID_74563C6672643A6802_1107284551 Label:SM_Cube12 SpatiallyLoaded:1 Bounds:IsValid=true, Min=(X=3250.000 Y=6080.000 Z=980.000), Max=(X=3350.000 Y=6180.000 Z=1080.000) RuntimeGrid:None EditorOnly:0 RuntimeOnly:0 HLODRelevant:1 ListedInSceneOutliner:1 IsMainWorldOnly:0
 |   |   |- Guid:BA3F40914A911C61C12AF6B1007B2B1A BaseClass: NativeClass:/Script/Engine.StaticMeshActor Name:StaticMeshActor_UAID_74563C667264396802_2067594354 Label:SM_Cube4 SpatiallyLoaded:1 Bounds:IsValid=true, Min=(X=3350.000 Y=3180.000 Z=980.000), Max=(X=3450.000 Y=3280.000 Z=1080.000) RuntimeGrid:None EditorOnly:0 RuntimeOnly:0 HLODRelevant:1 ListedInSceneOutliner:1 IsMainWorldOnly:0
 |   |   |- Guid:C085D1274C44F2EA12B5BFAD6BFC25E3 BaseClass: NativeClass:/Script/Engine.StaticMeshActor Name:StaticMeshActor_UAID_74563C6672643A6802_1107280549 Label:SM_Cube10 SpatiallyLoaded:1 Bounds:IsValid=true, Min=(X=3250.000 Y=5880.000 Z=980.000), Max=(X=3350.000 Y=5980.000 Z=1080.000) RuntimeGrid:None EditorOnly:0 RuntimeOnly:0 HLODRelevant:1 ListedInSceneOutliner:1 IsMainWorldOnly:0
 |   |   |- Guid:C82E912A4F8699F1373EC89A3AB220E0 BaseClass: NativeClass:/Script/Engine.StaticMeshActor Name:StaticMeshActor_UAID_74563C667264396802_2074165359 Label:SM_Cube9 SpatiallyLoaded:1 Bounds:IsValid=true, Min=(X=3250.000 Y=3380.000 Z=980.000), Max=(X=3350.000 Y=3480.000 Z=1080.000) RuntimeGrid:None EditorOnly:0 RuntimeOnly:0 HLODRelevant:1 ListedInSceneOutliner:1 IsMainWorldOnly:0
 |   |   |- Guid:CCFF262C46EEFFDF319E7F9539CE697E BaseClass: NativeClass:/Script/Engine.SkyAtmosphere Name:SkyAtmosphere_0 Label:SkyAtmosphere SpatiallyLoaded:0 Bounds:IsValid=true, Min=(X=0.000 Y=0.000 Z=1020.000), Max=(X=0.000 Y=0.000 Z=1020.000) RuntimeGrid:None EditorOnly:0 RuntimeOnly:0 HLODRelevant:0 ListedInSceneOutliner:1 IsMainWorldOnly:0 FolderPath:Lighting FolderGuid:963EC3EB4002CCE9759E2EBA541A873A
 |   |   |- Guid:D0C0FB564FBCAA3A44BA999ECD5FDCD9 BaseClass:/Game/Blueprints/Obstacle/TimeTester.TimeTester_C NativeClass:/Script/Engine.Actor Name:TimeTester_C_UAID_74563C667264036602_1296577737 Label:TimeTester3 SpatiallyLoaded:1 Bounds:IsValid=true, Min=(X=1270.000 Y=1200.000 Z=218.000), Max=(X=1291.253 Y=1400.000 Z=242.000) RuntimeGrid:None EditorOnly:0 RuntimeOnly:0 HLODRelevant:0 ListedInSceneOutliner:1 IsMainWorldOnly:0
 |   |   |- Guid:D4FDF4A5485713DC29C0338A6A42C117 BaseClass: NativeClass:/Script/Engine.PostProcessVolume Name:PostProcessVolume_UAID_74563C667264B46602_1424750888 Label:PostProcessVolume SpatiallyLoaded:0 Bounds:IsValid=true, Min=(X=3473.750 Y=2143.750 Z=3.750), Max=(X=4786.250 Y=3456.250 Z=1316.250) RuntimeGrid:None EditorOnly:0 RuntimeOnly:0 HLODRelevant:0 ListedInSceneOutliner:1 IsMainWorldOnly:0
 |   |   |- Guid:E5CD17EC458A799457580AAE358FF7CA BaseClass:/Game/Blueprints/Obstacle/TimeTester.TimeTester_C NativeClass:/Script/Engine.Actor Name:TimeTester_C_UAID_74563C667264036602_1308179741 Label:TimeTester7 SpatiallyLoaded:1 Bounds:IsValid=true, Min=(X=1270.000 Y=830.807 Z=622.287), Max=(X=1291.253 Y=977.750 Z=790.922) RuntimeGrid:None EditorOnly:0 RuntimeOnly:0 HLODRelevant:0 ListedInSceneOutliner:1 IsMainWorldOnly:0
 |   |   |- Guid:EC4E0C944CE6AC6E784BC6BB2916EA13 BaseClass: NativeClass:/Script/Engine.StaticMeshActor Name:StaticMeshActor_UAID_A4AE111137DC5EFB00_1110535423 Label:SM_SkySphere SpatiallyLoaded:0 Bounds:IsValid=true, Min=(X=-1638400.000 Y=-1638400.000 Z=-1638400.000), Max=(X=1638400.000 Y=1638400.000 Z=1638400.000) RuntimeGrid:None EditorOnly:0 RuntimeOnly:0 HLODRelevant:1 ListedInSceneOutliner:1 IsMainWorldOnly:0 FolderPath:Lighting FolderGuid:963EC3EB4002CCE9759E2EBA541A873A
 |   |   |- Guid:EE294CCD47EB836010AE30AB2CFC046A BaseClass:/Game/Blueprints/Obstacle/TemporalFloor/TempFloorButton.TempFloorButton_C NativeClass:/Script/Engine.Actor Name:TempFloorButton_C_UAID_74563C6672643A6802_1119934553 Label:TempFloorButton SpatiallyLoaded:1 Bounds:IsValid=true, Min=(X=3250.000 Y=3380.000 Z=1067.500), Max=(X=3350.000 Y=3480.000 Z=1092.500) RuntimeGrid:None EditorOnly:0 RuntimeOnly:0 HLODRelevant:0 ListedInSceneOutliner:1 IsMainWorldOnly:0
 |   |   |- Guid:F128957847CADC2AF68B1982736E606C BaseClass: NativeClass:/Script/Engine.StaticMeshActor Name:StaticMeshActor_UAID_74563C6672643A6802_1107285552 Label:SM_Cube13 SpatiallyLoaded:1 Bounds:IsValid=true, Min=(X=3250.000 Y=6180.000 Z=980.000), Max=(X=3350.000 Y=6280.000 Z=1080.000) RuntimeGrid:None EditorOnly:0 RuntimeOnly:0 HLODRelevant:1 ListedInSceneOutliner:1 IsMainWorldOnly:0
 |   |   |- Guid:F1924B8D48954B30891B2DB6A694F9CC BaseClass: NativeClass:/Script/Engine.StaticMeshActor Name:StaticMeshActor_1 Label:SM_Cube SpatiallyLoaded:1 Bounds:IsValid=true, Min=(X=180.000 Y=0.000 Z=-50.000), Max=(X=8030.000 Y=8350.000 Z=0.000) RuntimeGrid:None EditorOnly:0 RuntimeOnly:0 HLODRelevant:1 ListedInSceneOutliner:1 IsMainWorldOnly:0 FolderPath:Playground FolderGuid:C73F09FC4215536B1DCE2A9E0A830C70
 |   |   |- Guid:F9BC0FF9414D724066C01AA7AE4EA541 BaseClass:/Game/Blueprints/Obstacle/TimeTester.TimeTester_C NativeClass:/Script/Engine.Actor Name:TimeTester_C_UAID_74563C667264036602_1303031739 Label:TimeTester5 SpatiallyLoaded:1 Bounds:IsValid=true, Min=(X=1270.000 Y=1220.795 Z=619.608), Max=(X=1291.253 Y=1406.000 Z=740.392) RuntimeGrid:None EditorOnly:0 RuntimeOnly:0 HLODRelevant:0 ListedInSceneOutliner:1 IsMainWorldOnly:0
 |   |   |- Guid:FFEC4BBE48DE0EBC54B0F69D09B80267 BaseClass: NativeClass:/Script/Engine.StaticMeshActor Name:StaticMeshActor_UAID_74563C667264396802_2067596355 Label:SM_Cube5 SpatiallyLoaded:1 Bounds:IsValid=true, Min=(X=3250.000 Y=3180.000 Z=980.000), Max=(X=3350.000 Y=3280.000 Z=1080.000) RuntimeGrid:None EditorOnly:0 RuntimeOnly:0 HLODRelevant:1 ListedInSceneOutliner:1 IsMainWorldOnly:0
 |   |- [+] Clusters:
 |   |   |- [+] [  0]
 |   |   |   |- Guid:1D5EE4EF4B07FBB6660DB3ACA6D5478B BaseClass: NativeClass:/Script/Engine.StaticMeshActor Name:StaticMeshActor_UAID_74563C667264396802_2070666356 Label:SM_Cube6 SpatiallyLoaded:1 Bounds:IsValid=true, Min=(X=3350.000 Y=3280.000 Z=980.000), Max=(X=3450.000 Y=3380.000 Z=1080.000) RuntimeGrid:None EditorOnly:0 RuntimeOnly:0 HLODRelevant:1 ListedInSceneOutliner:1 IsMainWorldOnly:0
 |   |   |- [+] [  1]
 |   |   |   |- Guid:2FB58999456391D349DC0F86DAC136ED BaseClass: NativeClass:/Script/Engine.SkyLight Name:SkyLight_1 Label:SkyLight SpatiallyLoaded:0 Bounds:IsValid=true, Min=(X=0.000 Y=0.000 Z=690.000), Max=(X=0.000 Y=0.000 Z=690.000) RuntimeGrid:None EditorOnly:0 RuntimeOnly:0 HLODRelevant:0 ListedInSceneOutliner:1 IsMainWorldOnly:0 FolderPath:Lighting FolderGuid:963EC3EB4002CCE9759E2EBA541A873A
 |   |   |- [+] [  2]
 |   |   |   |- Guid:316CF2A6494ACA4C0E4180A87D36AB8F BaseClass: NativeClass:/Script/Engine.ExponentialHeightFog Name:ExponentialHeightFog_0 Label:ExponentialHeightFog SpatiallyLoaded:0 Bounds:IsValid=true, Min=(X=-5600.000 Y=-50.000 Z=-6850.000), Max=(X=-5600.000 Y=-50.000 Z=-6850.000) RuntimeGrid:None EditorOnly:0 RuntimeOnly:0 HLODRelevant:0 ListedInSceneOutliner:1 IsMainWorldOnly:0 FolderPath:Lighting FolderGuid:963EC3EB4002CCE9759E2EBA541A873A
 |   |   |- [+] [  3]
 |   |   |   |- Guid:34EE35E24334B5CF928111875D7B27E1 BaseClass: NativeClass:/Script/Engine.StaticMeshActor Name:StaticMeshActor_UAID_74563C667264396802_1986983352 Label:SM_Cube2 SpatiallyLoaded:1 Bounds:IsValid=true, Min=(X=3350.000 Y=3080.000 Z=980.000), Max=(X=3450.000 Y=3180.000 Z=1080.000) RuntimeGrid:None EditorOnly:0 RuntimeOnly:0 HLODRelevant:1 ListedInSceneOutliner:1 IsMainWorldOnly:0
 |   |   |- [+] [  4]
 |   |   |   |- Guid:3A00AA1C422CE54C0BDB60BAF471BFBB BaseClass: NativeClass:/Script/Engine.PlayerStart Name:PlayerStart_0 Label:PlayerStart SpatiallyLoaded:0 Bounds:IsValid=true, Min=(X=3080.000 Y=2760.000 Z=910.063), Max=(X=3160.000 Y=2840.000 Z=1094.063) RuntimeGrid:None EditorOnly:0 RuntimeOnly:0 HLODRelevant:0 ListedInSceneOutliner:1 IsMainWorldOnly:0
 |   |   |- [+] [  5]
 |   |   |   |- Guid:3F7C6B19476E38658E4A3C8F6DA164FF BaseClass:/Game/Blueprints/Obstacle/TimeTester.TimeTester_C NativeClass:/Script/Engine.Actor Name:TimeTester_C_UAID_74563C667264036602_1304263740 Label:TimeTester6 SpatiallyLoaded:1 Bounds:IsValid=true, Min=(X=1270.000 Y=1029.608 Z=624.000), Max=(X=1291.253 Y=1150.392 Z=809.205) RuntimeGrid:None EditorOnly:0 RuntimeOnly:0 HLODRelevant:0 ListedInSceneOutliner:1 IsMainWorldOnly:0
 |   |   |- [+] [  6]
 |   |   |   |- Guid:44FF15854D3DC30EA4B71E9BF5F19C25 BaseClass: NativeClass:/Script/Engine.StaticMeshActor Name:StaticMeshActor_UAID_74563C667264396802_2074162358 Label:SM_Cube8 SpatiallyLoaded:1 Bounds:IsValid=true, Min=(X=3350.000 Y=3380.000 Z=980.000), Max=(X=3450.000 Y=3480.000 Z=1080.000) RuntimeGrid:None EditorOnly:0 RuntimeOnly:0 HLODRelevant:1 ListedInSceneOutliner:1 IsMainWorldOnly:0
 |   |   |- [+] [  7]
 |   |   |   |- Guid:4A1E96FA418E0CC52A17619CF9AEE140 BaseClass:/Game/Blueprints/Obstacle/SwingingBlade/BP_SwingingBlades.BP_SwingingBlades_C NativeClass:/Script/Engine.Actor Name:BP_SwingingBlades_C_UAID_74563C667264906802_1749428664 Label:BP_SwingingBlades SpatiallyLoaded:1 Bounds:IsValid=true, Min=(X=3252.653 Y=4995.000 Z=1095.709), Max=(X=3355.858 Y=5045.000 Z=1545.000) RuntimeGrid:None EditorOnly:0 RuntimeOnly:0 HLODRelevant:0 ListedInSceneOutliner:1 IsMainWorldOnly:0
 |   |   |- [+] [  8]
 |   |   |   |- Guid:4D3BE93F4146AAAC8BBE79999D96D57F BaseClass: NativeClass:/Script/Engine.VolumetricCloud Name:VolumetricCloud_0 Label:VolumetricCloud SpatiallyLoaded:0 Bounds:IsValid=true, Min=(X=0.000 Y=0.000 Z=820.000), Max=(X=0.000 Y=0.000 Z=820.000) RuntimeGrid:None EditorOnly:0 RuntimeOnly:0 HLODRelevant:0 ListedInSceneOutliner:1 IsMainWorldOnly:0 FolderPath:Lighting FolderGuid:963EC3EB4002CCE9759E2EBA541A873A
 |   |   |- [+] [  9]
 |   |   |   |- Guid:5BD6B4F548DE1B1641939C861B717C7F BaseClass: NativeClass:/Script/Engine.StaticMeshActor Name:StaticMeshActor_UAID_74563C667264176602_1300672266 Label:SM_Cylinder3 SpatiallyLoaded:1 Bounds:IsValid=true, Min=(X=3510.000 Y=2510.000 Z=0.063), Max=(X=3610.000 Y=2610.000 Z=918.813) RuntimeGrid:None EditorOnly:0 RuntimeOnly:0 HLODRelevant:1 ListedInSceneOutliner:1 IsMainWorldOnly:0
 |   |   |- [+] [ 10]
 |   |   |   |- Guid:6BAF4DDD444C60371492D3919DB42C97 BaseClass: NativeClass:/Script/Engine.WorldDataLayers Name:WorldDataLayers Label:WorldDataLayers SpatiallyLoaded:0 Bounds:IsValid=true, Min=(X=0.000 Y=0.000 Z=0.000), Max=(X=0.000 Y=0.000 Z=0.000) RuntimeGrid:None EditorOnly:0 RuntimeOnly:0 HLODRelevant:0 ListedInSceneOutliner:1 IsMainWorldOnly:1
 |   |   |- [+] [ 11]
 |   |   |   |- Guid:705769AF4D5CECD7E38BF4907715934C BaseClass: NativeClass:/Script/Engine.StaticMeshActor Name:StaticMeshActor_UAID_74563C667264176602_1300675267 Label:SM_Cylinder4 SpatiallyLoaded:1 Bounds:IsValid=true, Min=(X=3510.000 Y=2970.000 Z=0.063), Max=(X=3610.000 Y=3070.000 Z=918.813) RuntimeGrid:None EditorOnly:0 RuntimeOnly:0 HLODRelevant:1 ListedInSceneOutliner:1 IsMainWorldOnly:0
 |   |   |- [+] [ 12]
 |   |   |   |- Guid:76301D7D4392FF3BFD7A758179E178B7 BaseClass: NativeClass:/Script/Engine.StaticMeshActor Name:StaticMeshActor_UAID_74563C667264396802_2058249353 Label:SM_Cube3 SpatiallyLoaded:1 Bounds:IsValid=true, Min=(X=3250.000 Y=3080.000 Z=980.000), Max=(X=3350.000 Y=3180.000 Z=1080.000) RuntimeGrid:None EditorOnly:0 RuntimeOnly:0 HLODRelevant:1 ListedInSceneOutliner:1 IsMainWorldOnly:0
 |   |   |- [+] [ 13]
 |   |   |   |- Guid:7F48B6C24866FECBBCED52AE5C10297B BaseClass: NativeClass:/Script/Engine.StaticMeshActor Name:StaticMeshActor_UAID_74563C667264176602_1287688265 Label:SM_Cylinder2 SpatiallyLoaded:1 Bounds:IsValid=true, Min=(X=5080.000 Y=2970.000 Z=0.063), Max=(X=5180.000 Y=3070.000 Z=918.813) RuntimeGrid:None EditorOnly:0 RuntimeOnly:0 HLODRelevant:1 ListedInSceneOutliner:1 IsMainWorldOnly:0
 |   |   |- [+] [ 14]
 |   |   |   |- Guid:80ECCCC84453256572ECC4A5A470A7D1 BaseClass: NativeClass:/Script/Engine.StaticMeshActor Name:StaticMeshActor_UAID_74563C667264176602_1155157262 Label:SM_Ramp SpatiallyLoaded:1 Bounds:IsValid=true, Min=(X=1350.000 Y=2530.000 Z=0.063), Max=(X=3450.000 Y=3080.000 Z=1075.063) RuntimeGrid:None EditorOnly:0 RuntimeOnly:0 HLODRelevant:1 ListedInSceneOutliner:1 IsMainWorldOnly:0
 |   |   |- [+] [ 15]
 |   |   |   |- Guid:8FF3A3CF4C4DB4D38699768E585DD365 BaseClass:/Game/Blueprints/Obstacle/TemporalFloor/TempFloor.TempFloor_C NativeClass:/Script/Engine.Actor Name:TempFloor_C_UAID_74563C667264396802_2092050360 Label:TempFloor SpatiallyLoaded:1 Bounds:IsValid=true, Min=(X=3250.000 Y=3473.750 Z=980.000), Max=(X=3350.000 Y=5886.250 Z=1080.000) RuntimeGrid:None EditorOnly:0 RuntimeOnly:0 HLODRelevant:0 ListedInSceneOutliner:1 IsMainWorldOnly:0
 |   |   |   |- Guid:EE294CCD47EB836010AE30AB2CFC046A BaseClass:/Game/Blueprints/Obstacle/TemporalFloor/TempFloorButton.TempFloorButton_C NativeClass:/Script/Engine.Actor Name:TempFloorButton_C_UAID_74563C6672643A6802_1119934553 Label:TempFloorButton SpatiallyLoaded:1 Bounds:IsValid=true, Min=(X=3250.000 Y=3380.000 Z=1067.500), Max=(X=3350.000 Y=3480.000 Z=1092.500) RuntimeGrid:None EditorOnly:0 RuntimeOnly:0 HLODRelevant:0 ListedInSceneOutliner:1 IsMainWorldOnly:0
 |   |   |- [+] [ 16]
 |   |   |   |- Guid:9C7F81734E4A70A9C62D6BB270406C57 BaseClass:/Game/Blueprints/Obstacle/TimeTester.TimeTester_C NativeClass:/Script/Engine.Actor Name:TimeTester_C_UAID_74563C667264036602_1281618736 Label:TimeTester2 SpatiallyLoaded:1 Bounds:IsValid=true, Min=(X=1270.000 Y=844.000 Z=119.608), Max=(X=1291.253 Y=1029.205 Z=240.392) RuntimeGrid:None EditorOnly:0 RuntimeOnly:0 HLODRelevant:0 ListedInSceneOutliner:1 IsMainWorldOnly:0
 |   |   |- [+] [ 17]
 |   |   |   |- Guid:9EE65A124E548A3CD2A6BCB7B2D2BB27 BaseClass: NativeClass:/Script/Engine.StaticMeshActor Name:StaticMeshActor_UAID_74563C6672643A6802_1107283550 Label:SM_Cube11 SpatiallyLoaded:1 Bounds:IsValid=true, Min=(X=3250.000 Y=5980.000 Z=980.000), Max=(X=3350.000 Y=6080.000 Z=1080.000) RuntimeGrid:None EditorOnly:0 RuntimeOnly:0 HLODRelevant:1 ListedInSceneOutliner:1 IsMainWorldOnly:0
 |   |   |- [+] [ 18]
 |   |   |   |- Guid:9F78A6E143A60707D7DCCB85AE217984 BaseClass:/Game/Blueprints/Obstacle/ExplodingBridge/BP_ExplodingBridge.BP_ExplodingBridge_C NativeClass:/Script/Engine.Actor Name:BP_ExplodingBridge_C_UAID_74563C667264156602_1997584906 Label:BP_ExplodingBridge SpatiallyLoaded:1 Bounds:IsValid=true, Min=(X=3513.750 Y=2522.023 Z=920.000), Max=(X=5186.250 Y=3077.977 Z=1334.616) RuntimeGrid:None EditorOnly:0 RuntimeOnly:0 HLODRelevant:0 ListedInSceneOutliner:1 IsMainWorldOnly:0
 |   |   |- [+] [ 19]
 |   |   |   |- Guid:A7479DFA49B3317848E920A3CA30673E BaseClass:/Game/Blueprints/Obstacle/TimeTester.TimeTester_C NativeClass:/Script/Engine.Actor Name:TimeTester_C_UAID_74563C667264006602_1666155207 Label:TimeTester SpatiallyLoaded:1 Bounds:IsValid=true, Min=(X=1270.000 Y=1130.807 Z=222.287), Max=(X=1291.253 Y=1277.750 Z=390.922) RuntimeGrid:None EditorOnly:0 RuntimeOnly:0 HLODRelevant:0 ListedInSceneOutliner:1 IsMainWorldOnly:0
 |   |   |- [+] [ 20]
 |   |   |   |- Guid:B3C9B64B4AF7B4268E05F084A24E9C83 BaseClass: NativeClass:/Script/Engine.StaticMeshActor Name:StaticMeshActor_UAID_74563C667264396802_2070669357 Label:SM_Cube7 SpatiallyLoaded:1 Bounds:IsValid=true, Min=(X=3250.000 Y=3280.000 Z=980.000), Max=(X=3350.000 Y=3380.000 Z=1080.000) RuntimeGrid:None EditorOnly:0 RuntimeOnly:0 HLODRelevant:1 ListedInSceneOutliner:1 IsMainWorldOnly:0
 |   |   |- [+] [ 21]
 |   |   |   |- Guid:B5F795694FD0DA90A30AB0A79A255378 BaseClass: NativeClass:/Script/Engine.StaticMeshActor Name:StaticMeshActor_UAID_74563C667264176602_1258335264 Label:SM_Cylinder SpatiallyLoaded:1 Bounds:IsValid=true, Min=(X=5080.000 Y=2510.000 Z=0.063), Max=(X=5180.000 Y=2610.000 Z=918.813) RuntimeGrid:None EditorOnly:0 RuntimeOnly:0 HLODRelevant:1 ListedInSceneOutliner:1 IsMainWorldOnly:0
 |   |   |- [+] [ 22]
 |   |   |   |- Guid:B785ED2844B84CFB91E7F39FE661CD99 BaseClass: NativeClass:/Script/Engine.DirectionalLight Name:DirectionalLight_0 Label:DirectionalLight SpatiallyLoaded:0 Bounds:IsValid=true, Min=(X=-1048576.000 Y=-1048576.000 Z=-1048576.000), Max=(X=1048576.000 Y=1048576.000 Z=1048576.000) RuntimeGrid:None EditorOnly:0 RuntimeOnly:0 HLODRelevant:0 ListedInSceneOutliner:1 IsMainWorldOnly:0 FolderPath:Lighting FolderGuid:963EC3EB4002CCE9759E2EBA541A873A
 |   |   |- [+] [ 23]
 |   |   |   |- Guid:BA033FEE4F1E713373516C9608F02C3A BaseClass: NativeClass:/Script/Engine.StaticMeshActor Name:StaticMeshActor_UAID_74563C6672643A6802_1107284551 Label:SM_Cube12 SpatiallyLoaded:1 Bounds:IsValid=true, Min=(X=3250.000 Y=6080.000 Z=980.000), Max=(X=3350.000 Y=6180.000 Z=1080.000) RuntimeGrid:None EditorOnly:0 RuntimeOnly:0 HLODRelevant:1 ListedInSceneOutliner:1 IsMainWorldOnly:0
 |   |   |- [+] [ 24]
 |   |   |   |- Guid:BA3F40914A911C61C12AF6B1007B2B1A BaseClass: NativeClass:/Script/Engine.StaticMeshActor Name:StaticMeshActor_UAID_74563C667264396802_2067594354 Label:SM_Cube4 SpatiallyLoaded:1 Bounds:IsValid=true, Min=(X=3350.000 Y=3180.000 Z=980.000), Max=(X=3450.000 Y=3280.000 Z=1080.000) RuntimeGrid:None EditorOnly:0 RuntimeOnly:0 HLODRelevant:1 ListedInSceneOutliner:1 IsMainWorldOnly:0
 |   |   |- [+] [ 25]
 |   |   |   |- Guid:C085D1274C44F2EA12B5BFAD6BFC25E3 BaseClass: NativeClass:/Script/Engine.StaticMeshActor Name:StaticMeshActor_UAID_74563C6672643A6802_1107280549 Label:SM_Cube10 SpatiallyLoaded:1 Bounds:IsValid=true, Min=(X=3250.000 Y=5880.000 Z=980.000), Max=(X=3350.000 Y=5980.000 Z=1080.000) RuntimeGrid:None EditorOnly:0 RuntimeOnly:0 HLODRelevant:1 ListedInSceneOutliner:1 IsMainWorldOnly:0
 |   |   |- [+] [ 26]
 |   |   |   |- Guid:C82E912A4F8699F1373EC89A3AB220E0 BaseClass: NativeClass:/Script/Engine.StaticMeshActor Name:StaticMeshActor_UAID_74563C667264396802_2074165359 Label:SM_Cube9 SpatiallyLoaded:1 Bounds:IsValid=true, Min=(X=3250.000 Y=3380.000 Z=980.000), Max=(X=3350.000 Y=3480.000 Z=1080.000) RuntimeGrid:None EditorOnly:0 RuntimeOnly:0 HLODRelevant:1 ListedInSceneOutliner:1 IsMainWorldOnly:0
 |   |   |- [+] [ 27]
 |   |   |   |- Guid:CCFF262C46EEFFDF319E7F9539CE697E BaseClass: NativeClass:/Script/Engine.SkyAtmosphere Name:SkyAtmosphere_0 Label:SkyAtmosphere SpatiallyLoaded:0 Bounds:IsValid=true, Min=(X=0.000 Y=0.000 Z=1020.000), Max=(X=0.000 Y=0.000 Z=1020.000) RuntimeGrid:None EditorOnly:0 RuntimeOnly:0 HLODRelevant:0 ListedInSceneOutliner:1 IsMainWorldOnly:0 FolderPath:Lighting FolderGuid:963EC3EB4002CCE9759E2EBA541A873A
 |   |   |- [+] [ 28]
 |   |   |   |- Guid:D0C0FB564FBCAA3A44BA999ECD5FDCD9 BaseClass:/Game/Blueprints/Obstacle/TimeTester.TimeTester_C NativeClass:/Script/Engine.Actor Name:TimeTester_C_UAID_74563C667264036602_1296577737 Label:TimeTester3 SpatiallyLoaded:1 Bounds:IsValid=true, Min=(X=1270.000 Y=1200.000 Z=218.000), Max=(X=1291.253 Y=1400.000 Z=242.000) RuntimeGrid:None EditorOnly:0 RuntimeOnly:0 HLODRelevant:0 ListedInSceneOutliner:1 IsMainWorldOnly:0
 |   |   |- [+] [ 29]
 |   |   |   |- Guid:D4FDF4A5485713DC29C0338A6A42C117 BaseClass: NativeClass:/Script/Engine.PostProcessVolume Name:PostProcessVolume_UAID_74563C667264B46602_1424750888 Label:PostProcessVolume SpatiallyLoaded:0 Bounds:IsValid=true, Min=(X=3473.750 Y=2143.750 Z=3.750), Max=(X=4786.250 Y=3456.250 Z=1316.250) RuntimeGrid:None EditorOnly:0 RuntimeOnly:0 HLODRelevant:0 ListedInSceneOutliner:1 IsMainWorldOnly:0
 |   |   |- [+] [ 30]
 |   |   |   |- Guid:E5CD17EC458A799457580AAE358FF7CA BaseClass:/Game/Blueprints/Obstacle/TimeTester.TimeTester_C NativeClass:/Script/Engine.Actor Name:TimeTester_C_UAID_74563C667264036602_1308179741 Label:TimeTester7 SpatiallyLoaded:1 Bounds:IsValid=true, Min=(X=1270.000 Y=830.807 Z=622.287), Max=(X=1291.253 Y=977.750 Z=790.922) RuntimeGrid:None EditorOnly:0 RuntimeOnly:0 HLODRelevant:0 ListedInSceneOutliner:1 IsMainWorldOnly:0
 |   |   |- [+] [ 31]
 |   |   |   |- Guid:EC4E0C944CE6AC6E784BC6BB2916EA13 BaseClass: NativeClass:/Script/Engine.StaticMeshActor Name:StaticMeshActor_UAID_A4AE111137DC5EFB00_1110535423 Label:SM_SkySphere SpatiallyLoaded:0 Bounds:IsValid=true, Min=(X=-1638400.000 Y=-1638400.000 Z=-1638400.000), Max=(X=1638400.000 Y=1638400.000 Z=1638400.000) RuntimeGrid:None EditorOnly:0 RuntimeOnly:0 HLODRelevant:1 ListedInSceneOutliner:1 IsMainWorldOnly:0 FolderPath:Lighting FolderGuid:963EC3EB4002CCE9759E2EBA541A873A
 |   |   |- [+] [ 32]
 |   |   |   |- Guid:F128957847CADC2AF68B1982736E606C BaseClass: NativeClass:/Script/Engine.StaticMeshActor Name:StaticMeshActor_UAID_74563C6672643A6802_1107285552 Label:SM_Cube13 SpatiallyLoaded:1 Bounds:IsValid=true, Min=(X=3250.000 Y=6180.000 Z=980.000), Max=(X=3350.000 Y=6280.000 Z=1080.000) RuntimeGrid:None EditorOnly:0 RuntimeOnly:0 HLODRelevant:1 ListedInSceneOutliner:1 IsMainWorldOnly:0
 |   |   |- [+] [ 33]
 |   |   |   |- Guid:F1924B8D48954B30891B2DB6A694F9CC BaseClass: NativeClass:/Script/Engine.StaticMeshActor Name:StaticMeshActor_1 Label:SM_Cube SpatiallyLoaded:1 Bounds:IsValid=true, Min=(X=180.000 Y=0.000 Z=-50.000), Max=(X=8030.000 Y=8350.000 Z=0.000) RuntimeGrid:None EditorOnly:0 RuntimeOnly:0 HLODRelevant:1 ListedInSceneOutliner:1 IsMainWorldOnly:0 FolderPath:Playground FolderGuid:C73F09FC4215536B1DCE2A9E0A830C70
 |   |   |- [+] [ 34]
 |   |   |   |- Guid:F9BC0FF9414D724066C01AA7AE4EA541 BaseClass:/Game/Blueprints/Obstacle/TimeTester.TimeTester_C NativeClass:/Script/Engine.Actor Name:TimeTester_C_UAID_74563C667264036602_1303031739 Label:TimeTester5 SpatiallyLoaded:1 Bounds:IsValid=true, Min=(X=1270.000 Y=1220.795 Z=619.608), Max=(X=1291.253 Y=1406.000 Z=740.392) RuntimeGrid:None EditorOnly:0 RuntimeOnly:0 HLODRelevant:0 ListedInSceneOutliner:1 IsMainWorldOnly:0
 |   |   |- [+] [ 35]
 |   |   |   |- Guid:FFEC4BBE48DE0EBC54B0F69D09B80267 BaseClass: NativeClass:/Script/Engine.StaticMeshActor Name:StaticMeshActor_UAID_74563C667264396802_2067596355 Label:SM_Cube5 SpatiallyLoaded:1 Bounds:IsValid=true, Min=(X=3250.000 Y=3180.000 Z=980.000), Max=(X=3350.000 Y=3280.000 Z=1080.000) RuntimeGrid:None EditorOnly:0 RuntimeOnly:0 HLODRelevant:1 ListedInSceneOutliner:1 IsMainWorldOnly:0
 |- ContainerInstances:
 |- [+] MainContainer:
 |   |-        ID: 00000000000000000000000000000000
 |   |-  ParentID: 00000000000000000000000000000000
 |   |-    Bounds: IsValid=false, Min=(X=0.000 Y=0.000 Z=0.000), Max=(X=0.000 Y=0.000 Z=0.000)
 |   |- Transform: 0.000000,0.000000,0.000000|0.000000,0.000000,-0.000000|1.000000,1.000000,1.000000
 |   |- Container: /Game/ThirdPerson/Maps/ThirdPersonMap
----------------------------------------------------------------------------------------------------------------
ThirdPersonMap - Persistent Level
----------------------------------------------------------------------------------------------------------------
[+] Content of ThirdPersonMap Persistent Level
 |- Always loaded Actor Count: 37 
 |- Actor Path: /Game/ThirdPerson/Maps/ThirdPersonMap.ThirdPersonMap:PersistentLevel.BP_ExplodingBridge_C_UAID_74563C667264156602_1997584906
 |- Actor Package: /Game/__ExternalActors__/ThirdPerson/Maps/ThirdPersonMap/1/56/MZP83FM3EH98TV575ULU5V
 |- Actor Path: /Game/ThirdPerson/Maps/ThirdPersonMap.ThirdPersonMap:PersistentLevel.BP_SwingingBlades_C_UAID_74563C667264906802_1749428664
 |- Actor Package: /Game/__ExternalActors__/ThirdPerson/Maps/ThirdPersonMap/1/03/XTU6JV9L5OXVXL8T8BO8P0
 |- Actor Path: /Game/ThirdPerson/Maps/ThirdPersonMap.ThirdPersonMap:PersistentLevel.DirectionalLight_0
 |- Actor Package: /Game/__ExternalActors__/ThirdPerson/Maps/ThirdPersonMap/5/R1/TS5OQ5CRUWFZYL1ZQ7I416
 |- Actor Path: /Game/ThirdPerson/Maps/ThirdPersonMap.ThirdPersonMap:PersistentLevel.ExponentialHeightFog_0
 |- Actor Package: /Game/__ExternalActors__/ThirdPerson/Maps/ThirdPersonMap/6/J7/N10XDC9G27EMLS5AGZ6AVV
 |- Actor Path: /Game/ThirdPerson/Maps/ThirdPersonMap.ThirdPersonMap:PersistentLevel.PlayerStart_0
 |- Actor Package: /Game/__ExternalActors__/ThirdPerson/Maps/ThirdPersonMap/D/DE/SWSI13675DVYIZ0N4NF7Y3
 |- Actor Path: /Game/ThirdPerson/Maps/ThirdPersonMap.ThirdPersonMap:PersistentLevel.PostProcessVolume_UAID_74563C667264B46602_1424750888
 |- Actor Package: /Game/__ExternalActors__/ThirdPerson/Maps/ThirdPersonMap/7/6E/L8V9Z79RY9LU1JBOCWW3LZ
 |- Actor Path: /Game/ThirdPerson/Maps/ThirdPersonMap.ThirdPersonMap:PersistentLevel.SkyAtmosphere_0
 |- Actor Package: /Game/__ExternalActors__/ThirdPerson/Maps/ThirdPersonMap/4/LN/30UBDLYFFA5ZR7U4W4L4GG
 |- Actor Path: /Game/ThirdPerson/Maps/ThirdPersonMap.ThirdPersonMap:PersistentLevel.SkyLight_1
 |- Actor Package: /Game/__ExternalActors__/ThirdPerson/Maps/ThirdPersonMap/8/S1/DXUWD12MD3HRWVVXX076BY
 |- Actor Path: /Game/ThirdPerson/Maps/ThirdPersonMap.ThirdPersonMap:PersistentLevel.StaticMeshActor_1
 |- Actor Package: /Game/__ExternalActors__/ThirdPerson/Maps/ThirdPersonMap/6/YO/NG2R9BPZVA7ZDN0Z4VSTG6
 |- Actor Path: /Game/ThirdPerson/Maps/ThirdPersonMap.ThirdPersonMap:PersistentLevel.StaticMeshActor_UAID_74563C667264176602_1155157262
 |- Actor Package: /Game/__ExternalActors__/ThirdPerson/Maps/ThirdPersonMap/3/MO/N7IH8R6ZUYF3CE3VYRS4D5
 |- Actor Path: /Game/ThirdPerson/Maps/ThirdPersonMap.ThirdPersonMap:PersistentLevel.StaticMeshActor_UAID_74563C667264176602_1258335264
 |- Actor Package: /Game/__ExternalActors__/ThirdPerson/Maps/ThirdPersonMap/8/VW/B1WPD0IBKWYKXP4W1SH0I1
 |- Actor Path: /Game/ThirdPerson/Maps/ThirdPersonMap.ThirdPersonMap:PersistentLevel.StaticMeshActor_UAID_74563C667264176602_1287688265
 |- Actor Package: /Game/__ExternalActors__/ThirdPerson/Maps/ThirdPersonMap/C/Y9/UJS82BNCDXA2Q4EFOQO575
 |- Actor Path: /Game/ThirdPerson/Maps/ThirdPersonMap.ThirdPersonMap:PersistentLevel.StaticMeshActor_UAID_74563C667264176602_1300672266
 |- Actor Package: /Game/__ExternalActors__/ThirdPerson/Maps/ThirdPersonMap/B/BH/X1MH2LH5LEEXEK49D6MC7J
 |- Actor Path: /Game/ThirdPerson/Maps/ThirdPersonMap.ThirdPersonMap:PersistentLevel.StaticMeshActor_UAID_74563C667264176602_1300675267
 |- Actor Package: /Game/__ExternalActors__/ThirdPerson/Maps/ThirdPersonMap/8/40/H1SRN6HXJX4RCCG6MTVHMQ
 |- Actor Path: /Game/ThirdPerson/Maps/ThirdPersonMap.ThirdPersonMap:PersistentLevel.StaticMeshActor_UAID_74563C667264396802_1986983352
 |- Actor Package: /Game/__ExternalActors__/ThirdPerson/Maps/ThirdPersonMap/A/BK/8S17XIMJ2GRU292GE76ZVE
 |- Actor Path: /Game/ThirdPerson/Maps/ThirdPersonMap.ThirdPersonMap:PersistentLevel.StaticMeshActor_UAID_74563C667264396802_2058249353
 |- Actor Package: /Game/__ExternalActors__/ThirdPerson/Maps/ThirdPersonMap/7/LR/MD4E9K5U930UR00MPJ28YY
 |- Actor Path: /Game/ThirdPerson/Maps/ThirdPersonMap.ThirdPersonMap:PersistentLevel.StaticMeshActor_UAID_74563C667264396802_2067594354
 |- Actor Package: /Game/__ExternalActors__/ThirdPerson/Maps/ThirdPersonMap/C/NT/VJHYDIDC9W5HGGT1CKZF26
 |- Actor Path: /Game/ThirdPerson/Maps/ThirdPersonMap.ThirdPersonMap:PersistentLevel.StaticMeshActor_UAID_74563C667264396802_2067596355
 |- Actor Package: /Game/__ExternalActors__/ThirdPerson/Maps/ThirdPersonMap/B/MT/P11TQ6M277Y6N3YZM074N4
 |- Actor Path: /Game/ThirdPerson/Maps/ThirdPersonMap.ThirdPersonMap:PersistentLevel.StaticMeshActor_UAID_74563C667264396802_2070666356
 |- Actor Package: /Game/__ExternalActors__/ThirdPerson/Maps/ThirdPersonMap/7/RW/NI6MX0G8KECLSXUXIT0KDC
 |- Actor Path: /Game/ThirdPerson/Maps/ThirdPersonMap.ThirdPersonMap:PersistentLevel.StaticMeshActor_UAID_74563C667264396802_2070669357
 |- Actor Package: /Game/__ExternalActors__/ThirdPerson/Maps/ThirdPersonMap/3/B6/QI0VF4G8KS65987591FP4K
 |- Actor Path: /Game/ThirdPerson/Maps/ThirdPersonMap.ThirdPersonMap:PersistentLevel.StaticMeshActor_UAID_74563C667264396802_2074162358
 |- Actor Package: /Game/__ExternalActors__/ThirdPerson/Maps/ThirdPersonMap/9/JT/45HZRQ80BOGKVVQCPIF3R2
 |- Actor Path: /Game/ThirdPerson/Maps/ThirdPersonMap.ThirdPersonMap:PersistentLevel.StaticMeshActor_UAID_74563C667264396802_2074165359
 |- Actor Package: /Game/__ExternalActors__/ThirdPerson/Maps/ThirdPersonMap/1/V2/LEK7NCFAWEKIJDAXGQQ57V
 |- Actor Path: /Game/ThirdPerson/Maps/ThirdPersonMap.ThirdPersonMap:PersistentLevel.StaticMeshActor_UAID_74563C6672643A6802_1107280549
 |- Actor Package: /Game/__ExternalActors__/ThirdPerson/Maps/ThirdPersonMap/5/8Y/8WHOYKDF5U3DJ5TPUMRO8H
 |- Actor Path: /Game/ThirdPerson/Maps/ThirdPersonMap.ThirdPersonMap:PersistentLevel.StaticMeshActor_UAID_74563C6672643A6802_1107283550
 |- Actor Package: /Game/__ExternalActors__/ThirdPerson/Maps/ThirdPersonMap/1/IH/CP0YO4ZMBUFIGVQTXJB4PT
 |- Actor Path: /Game/ThirdPerson/Maps/ThirdPersonMap.ThirdPersonMap:PersistentLevel.StaticMeshActor_UAID_74563C6672643A6802_1107284551
 |- Actor Package: /Game/__ExternalActors__/ThirdPerson/Maps/ThirdPersonMap/9/5T/WDE54TC5TLGJIOJGG3H1XN
 |- Actor Path: /Game/ThirdPerson/Maps/ThirdPersonMap.ThirdPersonMap:PersistentLevel.StaticMeshActor_UAID_74563C6672643A6802_1107285552
 |- Actor Package: /Game/__ExternalActors__/ThirdPerson/Maps/ThirdPersonMap/D/LN/88OBT6C2MHZTP509IQVHI1
 |- Actor Path: /Game/ThirdPerson/Maps/ThirdPersonMap.ThirdPersonMap:PersistentLevel.StaticMeshActor_UAID_A4AE111137DC5EFB00_1110535423
 |- Actor Package: /Game/__ExternalActors__/ThirdPerson/Maps/ThirdPersonMap/4/PN/2QISIGK5DJNQ05US8O8FXW
 |- Actor Path: /Game/ThirdPerson/Maps/ThirdPersonMap.ThirdPersonMap:PersistentLevel.TempFloor_C_UAID_74563C667264396802_2092050360
 |- Actor Package: /Game/__ExternalActors__/ThirdPerson/Maps/ThirdPersonMap/2/7V/7DQLY4WR22SRSX887J2DEY
 |- Actor Path: /Game/ThirdPerson/Maps/ThirdPersonMap.ThirdPersonMap:PersistentLevel.TempFloorButton_C_UAID_74563C6672643A6802_1119934553
 |- Actor Package: /Game/__ExternalActors__/ThirdPerson/Maps/ThirdPersonMap/9/08/J1XYDCATOSQZWITOPRC4HW
 |- Actor Path: /Game/ThirdPerson/Maps/ThirdPersonMap.ThirdPersonMap:PersistentLevel.TimeTester_C_UAID_74563C667264006602_1666155207
 |- Actor Package: /Game/__ExternalActors__/ThirdPerson/Maps/ThirdPersonMap/5/0Z/TV67K4J0ARYFJ9MOHKNL0J
 |- Actor Path: /Game/ThirdPerson/Maps/ThirdPersonMap.ThirdPersonMap:PersistentLevel.TimeTester_C_UAID_74563C667264036602_1281618736
 |- Actor Package: /Game/__ExternalActors__/ThirdPerson/Maps/ThirdPersonMap/0/CX/ZOQNZU3F42UYZ4CFX8MZY8
 |- Actor Path: /Game/ThirdPerson/Maps/ThirdPersonMap.ThirdPersonMap:PersistentLevel.TimeTester_C_UAID_74563C667264036602_1296577737
 |- Actor Package: /Game/__ExternalActors__/ThirdPerson/Maps/ThirdPersonMap/A/LN/LNH01ZFTOGM1KH9O3KJCZC
 |- Actor Path: /Game/ThirdPerson/Maps/ThirdPersonMap.ThirdPersonMap:PersistentLevel.TimeTester_C_UAID_74563C667264036602_1303031739
 |- Actor Package: /Game/__ExternalActors__/ThirdPerson/Maps/ThirdPersonMap/C/Q1/3RALZD25CE2LA3SKPLQ3JO
 |- Actor Path: /Game/ThirdPerson/Maps/ThirdPersonMap.ThirdPersonMap:PersistentLevel.TimeTester_C_UAID_74563C667264036602_1304263740
 |- Actor Package: /Game/__ExternalActors__/ThirdPerson/Maps/ThirdPersonMap/1/CK/12C1JPM826BZ2VA7O10Y85
 |- Actor Path: /Game/ThirdPerson/Maps/ThirdPersonMap.ThirdPersonMap:PersistentLevel.TimeTester_C_UAID_74563C667264036602_1308179741
 |- Actor Package: /Game/__ExternalActors__/ThirdPerson/Maps/ThirdPersonMap/D/U8/SN3W7NVV8ZM4APLNJZ0WEH
 |- Actor Path: /Game/ThirdPerson/Maps/ThirdPersonMap.ThirdPersonMap:PersistentLevel.VolumetricCloud_0
 |- Actor Package: /Game/__ExternalActors__/ThirdPerson/Maps/ThirdPersonMap/3/EY/87SHEJN5UBEAN2K5OV1G6R
 |- Actor Path: /Game/ThirdPerson/Maps/ThirdPersonMap.ThirdPersonMap:PersistentLevel.WorldDataLayers
 |- Actor Package: /Game/__ExternalActors__/ThirdPerson/Maps/ThirdPersonMap/0/43/HYQWORMY4JDQ5X3OKZXFLC

----------------------------------------------------------------------------------------------------------------
ThirdPersonMap - Runtime Hash Set
----------------------------------------------------------------------------------------------------------------

